Tue, 01 Aug 2017 06:41:06 connectionpool.py[line:212] DEBUG Starting new HTTP connection (1): www.gsxt.gov.cn
Tue, 01 Aug 2017 06:41:06 connectionpool.py[line:400] DEBUG http://www.gsxt.gov.cn:80 "GET /index.html HTTP/1.1" 200 None
Tue, 01 Aug 2017 06:41:06 connectionpool.py[line:212] DEBUG Starting new HTTP connection (1): 59.110.138.116
Tue, 01 Aug 2017 06:41:12 connectionpool.py[line:400] DEBUG http://59.110.138.116:80 "GET /geetest/get?token=seo_test1&reg=http://www.gsxt.gov.cn/SearchItemCaptcha HTTP/1.1" 200 None
Tue, 01 Aug 2017 06:41:13 connectionpool.py[line:400] DEBUG http://www.gsxt.gov.cn:80 "POST /corp-query-search-1.html HTTP/1.1" 200 None
Tue, 01 Aug 2017 06:43:19 connectionpool.py[line:212] DEBUG Starting new HTTP connection (1): www.gsxt.gov.cn
Tue, 01 Aug 2017 06:43:19 connectionpool.py[line:400] DEBUG http://www.gsxt.gov.cn:80 "GET /index.html HTTP/1.1" 200 None
Tue, 01 Aug 2017 06:43:19 connectionpool.py[line:212] DEBUG Starting new HTTP connection (1): 59.110.138.116
Tue, 01 Aug 2017 06:43:22 connectionpool.py[line:400] DEBUG http://59.110.138.116:80 "GET /geetest/get?token=seo_test1&reg=http://www.gsxt.gov.cn/SearchItemCaptcha HTTP/1.1" 200 None
Tue, 01 Aug 2017 06:43:23 connectionpool.py[line:400] DEBUG http://www.gsxt.gov.cn:80 "POST /corp-query-search-1.html HTTP/1.1" 200 None
Tue, 01 Aug 2017 06:43:42 connectionpool.py[line:212] DEBUG Starting new HTTP connection (1): www.gsxt.gov.cn
Tue, 01 Aug 2017 06:43:42 connectionpool.py[line:400] DEBUG http://www.gsxt.gov.cn:80 "GET /index.html HTTP/1.1" 200 None
Tue, 01 Aug 2017 06:43:42 connectionpool.py[line:212] DEBUG Starting new HTTP connection (1): 59.110.138.116
Tue, 01 Aug 2017 06:43:45 connectionpool.py[line:400] DEBUG http://59.110.138.116:80 "GET /geetest/get?token=seo_test1&reg=http://www.gsxt.gov.cn/SearchItemCaptcha HTTP/1.1" 200 None
Tue, 01 Aug 2017 06:43:46 connectionpool.py[line:400] DEBUG http://www.gsxt.gov.cn:80 "POST /corp-query-search-1.html HTTP/1.1" 200 None
Tue, 01 Aug 2017 06:43:46 Public_code.py[line:28] INFO connect is success!
Tue, 01 Aug 2017 06:46:03 connectionpool.py[line:212] DEBUG Starting new HTTP connection (1): www.gsxt.gov.cn
Tue, 01 Aug 2017 06:46:03 connectionpool.py[line:400] DEBUG http://www.gsxt.gov.cn:80 "GET /index.html HTTP/1.1" 200 None
Tue, 01 Aug 2017 06:46:03 connectionpool.py[line:212] DEBUG Starting new HTTP connection (1): 59.110.138.116
Tue, 01 Aug 2017 06:46:07 connectionpool.py[line:400] DEBUG http://59.110.138.116:80 "GET /geetest/get?token=seo_test1&reg=http://www.gsxt.gov.cn/SearchItemCaptcha HTTP/1.1" 200 None
Tue, 01 Aug 2017 06:46:08 connectionpool.py[line:400] DEBUG http://www.gsxt.gov.cn:80 "POST /corp-query-search-1.html HTTP/1.1" 200 None
Tue, 01 Aug 2017 06:46:08 connectionpool.py[line:400] DEBUG http://www.gsxt.gov.cn:80 "GET /index.html HTTP/1.1" 200 None
Tue, 01 Aug 2017 06:46:10 connectionpool.py[line:400] DEBUG http://59.110.138.116:80 "GET /geetest/get?token=seo_test1&reg=http://www.gsxt.gov.cn/SearchItemCaptcha HTTP/1.1" 200 None
Tue, 01 Aug 2017 06:46:10 connectionpool.py[line:400] DEBUG http://www.gsxt.gov.cn:80 "POST /corp-query-search-1.html HTTP/1.1" 200 None
Tue, 01 Aug 2017 06:46:10 Public_code.py[line:28] INFO connect is success!
Tue, 01 Aug 2017 06:48:01 connectionpool.py[line:212] DEBUG Starting new HTTP connection (1): www.gsxt.gov.cn
Tue, 01 Aug 2017 06:48:01 connectionpool.py[line:400] DEBUG http://www.gsxt.gov.cn:80 "GET /index.html HTTP/1.1" 200 None
Tue, 01 Aug 2017 06:48:01 connectionpool.py[line:212] DEBUG Starting new HTTP connection (1): 59.110.138.116
Tue, 01 Aug 2017 06:48:02 connectionpool.py[line:400] DEBUG http://59.110.138.116:80 "GET /geetest/get?token=seo_test1&reg=http://www.gsxt.gov.cn/SearchItemCaptcha HTTP/1.1" 200 None
Tue, 01 Aug 2017 06:48:04 connectionpool.py[line:400] DEBUG http://www.gsxt.gov.cn:80 "POST /corp-query-search-1.html HTTP/1.1" 200 None
Tue, 01 Aug 2017 06:48:04 connectionpool.py[line:400] DEBUG http://www.gsxt.gov.cn:80 "GET /index.html HTTP/1.1" 200 None
Tue, 01 Aug 2017 06:48:06 connectionpool.py[line:400] DEBUG http://59.110.138.116:80 "GET /geetest/get?token=seo_test1&reg=http://www.gsxt.gov.cn/SearchItemCaptcha HTTP/1.1" 200 None
Tue, 01 Aug 2017 06:48:06 connectionpool.py[line:400] DEBUG http://www.gsxt.gov.cn:80 "POST /corp-query-search-1.html HTTP/1.1" 200 None
Tue, 01 Aug 2017 06:48:06 Public_code.py[line:28] INFO connect is success!
Tue, 01 Aug 2017 06:51:09 connectionpool.py[line:212] DEBUG Starting new HTTP connection (1): www.gsxt.gov.cn
Tue, 01 Aug 2017 06:51:09 connectionpool.py[line:400] DEBUG http://www.gsxt.gov.cn:80 "GET /index.html HTTP/1.1" 200 None
Tue, 01 Aug 2017 06:51:09 connectionpool.py[line:212] DEBUG Starting new HTTP connection (1): 59.110.138.116
Tue, 01 Aug 2017 06:51:12 connectionpool.py[line:400] DEBUG http://59.110.138.116:80 "GET /geetest/get?token=seo_test1&reg=http://www.gsxt.gov.cn/SearchItemCaptcha HTTP/1.1" 200 None
Tue, 01 Aug 2017 06:51:13 connectionpool.py[line:400] DEBUG http://www.gsxt.gov.cn:80 "POST /corp-query-search-1.html HTTP/1.1" 200 None
Tue, 01 Aug 2017 06:51:13 connectionpool.py[line:400] DEBUG http://www.gsxt.gov.cn:80 "GET /index.html HTTP/1.1" 200 None
Tue, 01 Aug 2017 06:51:15 connectionpool.py[line:400] DEBUG http://59.110.138.116:80 "GET /geetest/get?token=seo_test1&reg=http://www.gsxt.gov.cn/SearchItemCaptcha HTTP/1.1" 200 None
Tue, 01 Aug 2017 06:51:15 Public_code.py[line:28] INFO connect is success!
Tue, 01 Aug 2017 06:51:28 connectionpool.py[line:212] DEBUG Starting new HTTP connection (1): www.gsxt.gov.cn
Tue, 01 Aug 2017 06:51:28 connectionpool.py[line:400] DEBUG http://www.gsxt.gov.cn:80 "GET /index.html HTTP/1.1" 200 None
Tue, 01 Aug 2017 06:51:28 connectionpool.py[line:212] DEBUG Starting new HTTP connection (1): 59.110.138.116
Tue, 01 Aug 2017 06:51:30 connectionpool.py[line:400] DEBUG http://59.110.138.116:80 "GET /geetest/get?token=seo_test1&reg=http://www.gsxt.gov.cn/SearchItemCaptcha HTTP/1.1" 200 None
Tue, 01 Aug 2017 06:51:30 connectionpool.py[line:400] DEBUG http://www.gsxt.gov.cn:80 "POST /corp-query-search-1.html HTTP/1.1" 200 None
Tue, 01 Aug 2017 06:51:30 connectionpool.py[line:400] DEBUG http://www.gsxt.gov.cn:80 "GET /index.html HTTP/1.1" 200 None
Tue, 01 Aug 2017 06:51:36 connectionpool.py[line:400] DEBUG http://59.110.138.116:80 "GET /geetest/get?token=seo_test1&reg=http://www.gsxt.gov.cn/SearchItemCaptcha HTTP/1.1" 200 None
Tue, 01 Aug 2017 06:51:36 Public_code.py[line:28] INFO connect is success!
Tue, 01 Aug 2017 06:53:24 connectionpool.py[line:212] DEBUG Starting new HTTP connection (1): www.gsxt.gov.cn
Tue, 01 Aug 2017 06:53:24 connectionpool.py[line:400] DEBUG http://www.gsxt.gov.cn:80 "GET /index.html HTTP/1.1" 200 None
Tue, 01 Aug 2017 06:53:24 connectionpool.py[line:212] DEBUG Starting new HTTP connection (1): 59.110.138.116
Tue, 01 Aug 2017 06:53:26 connectionpool.py[line:400] DEBUG http://59.110.138.116:80 "GET /geetest/get?token=seo_test1&reg=http://www.gsxt.gov.cn/SearchItemCaptcha HTTP/1.1" 200 None
Tue, 01 Aug 2017 06:53:28 connectionpool.py[line:400] DEBUG http://www.gsxt.gov.cn:80 "POST /corp-query-search-1.html HTTP/1.1" 200 None
Tue, 01 Aug 2017 06:53:29 connectionpool.py[line:400] DEBUG http://www.gsxt.gov.cn:80 "GET /index.html HTTP/1.1" 200 None
Tue, 01 Aug 2017 06:53:31 connectionpool.py[line:400] DEBUG http://59.110.138.116:80 "GET /geetest/get?token=seo_test1&reg=http://www.gsxt.gov.cn/SearchItemCaptcha HTTP/1.1" 200 None
Tue, 01 Aug 2017 06:53:31 Public_code.py[line:28] INFO connect is success!
Tue, 01 Aug 2017 06:53:31 connectionpool.py[line:400] DEBUG http://www.gsxt.gov.cn:80 "POST /corp-query-search-1.html HTTP/1.1" 200 None
Tue, 01 Aug 2017 06:53:31 Public_code.py[line:28] INFO connect is success!
Tue, 01 Aug 2017 06:53:58 connectionpool.py[line:212] DEBUG Starting new HTTP connection (1): www.gsxt.gov.cn
Tue, 01 Aug 2017 06:53:58 connectionpool.py[line:400] DEBUG http://www.gsxt.gov.cn:80 "GET /index.html HTTP/1.1" 200 None
Tue, 01 Aug 2017 06:53:58 connectionpool.py[line:212] DEBUG Starting new HTTP connection (1): 59.110.138.116
Tue, 01 Aug 2017 06:54:02 connectionpool.py[line:400] DEBUG http://59.110.138.116:80 "GET /geetest/get?token=seo_test1&reg=http://www.gsxt.gov.cn/SearchItemCaptcha HTTP/1.1" 200 None
Tue, 01 Aug 2017 06:54:04 connectionpool.py[line:400] DEBUG http://www.gsxt.gov.cn:80 "POST /corp-query-search-1.html HTTP/1.1" 200 None
Tue, 01 Aug 2017 06:54:04 connectionpool.py[line:400] DEBUG http://www.gsxt.gov.cn:80 "GET /index.html HTTP/1.1" 200 None
Tue, 01 Aug 2017 06:54:05 connectionpool.py[line:400] DEBUG http://59.110.138.116:80 "GET /geetest/get?token=seo_test1&reg=http://www.gsxt.gov.cn/SearchItemCaptcha HTTP/1.1" 200 None
Tue, 01 Aug 2017 06:54:05 Public_code.py[line:28] INFO connect is success!
Tue, 01 Aug 2017 06:54:08 Image.py[line:397] DEBUG Importing BmpImagePlugin
Tue, 01 Aug 2017 06:54:08 Image.py[line:397] DEBUG Importing BufrStubImagePlugin
Tue, 01 Aug 2017 06:54:08 Image.py[line:397] DEBUG Importing CurImagePlugin
Tue, 01 Aug 2017 06:54:08 Image.py[line:397] DEBUG Importing DcxImagePlugin
Tue, 01 Aug 2017 06:54:08 Image.py[line:397] DEBUG Importing DdsImagePlugin
Tue, 01 Aug 2017 06:54:08 Image.py[line:397] DEBUG Importing EpsImagePlugin
Tue, 01 Aug 2017 06:54:08 Image.py[line:397] DEBUG Importing FitsStubImagePlugin
Tue, 01 Aug 2017 06:54:08 Image.py[line:397] DEBUG Importing FliImagePlugin
Tue, 01 Aug 2017 06:54:08 Image.py[line:397] DEBUG Importing FpxImagePlugin
Tue, 01 Aug 2017 06:54:08 Image.py[line:397] DEBUG Importing FtexImagePlugin
Tue, 01 Aug 2017 06:54:08 Image.py[line:397] DEBUG Importing GbrImagePlugin
Tue, 01 Aug 2017 06:54:08 Image.py[line:397] DEBUG Importing GifImagePlugin
Tue, 01 Aug 2017 06:54:08 Image.py[line:397] DEBUG Importing GribStubImagePlugin
Tue, 01 Aug 2017 06:54:08 Image.py[line:397] DEBUG Importing Hdf5StubImagePlugin
Tue, 01 Aug 2017 06:54:08 Image.py[line:397] DEBUG Importing IcnsImagePlugin
Tue, 01 Aug 2017 06:54:09 Image.py[line:397] DEBUG Importing IcoImagePlugin
Tue, 01 Aug 2017 06:54:09 Image.py[line:397] DEBUG Importing ImImagePlugin
Tue, 01 Aug 2017 06:54:09 Image.py[line:397] DEBUG Importing ImtImagePlugin
Tue, 01 Aug 2017 06:54:09 Image.py[line:397] DEBUG Importing IptcImagePlugin
Tue, 01 Aug 2017 06:54:09 Image.py[line:397] DEBUG Importing JpegImagePlugin
Tue, 01 Aug 2017 06:54:09 Image.py[line:397] DEBUG Importing Jpeg2KImagePlugin
Tue, 01 Aug 2017 06:54:09 Image.py[line:397] DEBUG Importing McIdasImagePlugin
Tue, 01 Aug 2017 06:54:09 Image.py[line:397] DEBUG Importing MicImagePlugin
Tue, 01 Aug 2017 06:54:09 Image.py[line:397] DEBUG Importing MpegImagePlugin
Tue, 01 Aug 2017 06:54:09 Image.py[line:397] DEBUG Importing MpoImagePlugin
Tue, 01 Aug 2017 06:54:09 Image.py[line:397] DEBUG Importing MspImagePlugin
Tue, 01 Aug 2017 06:54:09 Image.py[line:397] DEBUG Importing PalmImagePlugin
Tue, 01 Aug 2017 06:54:09 Image.py[line:397] DEBUG Importing PcdImagePlugin
Tue, 01 Aug 2017 06:54:09 Image.py[line:397] DEBUG Importing PcxImagePlugin
Tue, 01 Aug 2017 06:54:09 Image.py[line:397] DEBUG Importing PdfImagePlugin
Tue, 01 Aug 2017 06:54:09 Image.py[line:397] DEBUG Importing PixarImagePlugin
Tue, 01 Aug 2017 06:54:09 Image.py[line:397] DEBUG Importing PngImagePlugin
Tue, 01 Aug 2017 06:54:09 Image.py[line:397] DEBUG Importing PpmImagePlugin
Tue, 01 Aug 2017 06:54:09 Image.py[line:397] DEBUG Importing PsdImagePlugin
Tue, 01 Aug 2017 06:54:09 Image.py[line:397] DEBUG Importing SgiImagePlugin
Tue, 01 Aug 2017 06:54:09 Image.py[line:397] DEBUG Importing SpiderImagePlugin
Tue, 01 Aug 2017 06:54:09 Image.py[line:397] DEBUG Importing SunImagePlugin
Tue, 01 Aug 2017 06:54:09 Image.py[line:397] DEBUG Importing TgaImagePlugin
Tue, 01 Aug 2017 06:54:09 Image.py[line:397] DEBUG Importing TiffImagePlugin
Tue, 01 Aug 2017 06:54:09 Image.py[line:397] DEBUG Importing WebPImagePlugin
Tue, 01 Aug 2017 06:54:09 Image.py[line:397] DEBUG Importing WmfImagePlugin
Tue, 01 Aug 2017 06:54:09 Image.py[line:397] DEBUG Importing XbmImagePlugin
Tue, 01 Aug 2017 06:54:09 Image.py[line:397] DEBUG Importing XpmImagePlugin
Tue, 01 Aug 2017 06:54:09 Image.py[line:397] DEBUG Importing XVThumbImagePlugin
Tue, 01 Aug 2017 06:54:21 connectionpool.py[line:400] DEBUG http://www.gsxt.gov.cn:80 "POST /corp-query-search-1.html HTTP/1.1" 200 None
Tue, 01 Aug 2017 06:56:47 connectionpool.py[line:212] DEBUG Starting new HTTP connection (1): www.gsxt.gov.cn
Tue, 01 Aug 2017 06:56:47 connectionpool.py[line:400] DEBUG http://www.gsxt.gov.cn:80 "GET /index.html HTTP/1.1" 200 None
Tue, 01 Aug 2017 06:56:47 connectionpool.py[line:212] DEBUG Starting new HTTP connection (1): 59.110.138.116
Tue, 01 Aug 2017 06:56:53 connectionpool.py[line:400] DEBUG http://59.110.138.116:80 "GET /geetest/get?token=seo_test1&reg=http://www.gsxt.gov.cn/SearchItemCaptcha HTTP/1.1" 200 None
Tue, 01 Aug 2017 06:56:54 connectionpool.py[line:400] DEBUG http://www.gsxt.gov.cn:80 "POST /corp-query-search-1.html HTTP/1.1" 200 None
Tue, 01 Aug 2017 06:56:54 connectionpool.py[line:400] DEBUG http://www.gsxt.gov.cn:80 "GET /index.html HTTP/1.1" 200 None
Tue, 01 Aug 2017 06:57:03 connectionpool.py[line:400] DEBUG http://59.110.138.116:80 "GET /geetest/get?token=seo_test1&reg=http://www.gsxt.gov.cn/SearchItemCaptcha HTTP/1.1" 200 None
Tue, 01 Aug 2017 06:57:03 Public_code.py[line:28] INFO connect is success!
Tue, 01 Aug 2017 06:57:04 Image.py[line:397] DEBUG Importing BmpImagePlugin
Tue, 01 Aug 2017 06:57:04 Image.py[line:397] DEBUG Importing BufrStubImagePlugin
Tue, 01 Aug 2017 06:57:04 Image.py[line:397] DEBUG Importing CurImagePlugin
Tue, 01 Aug 2017 06:57:04 Image.py[line:397] DEBUG Importing DcxImagePlugin
Tue, 01 Aug 2017 06:57:04 Image.py[line:397] DEBUG Importing DdsImagePlugin
Tue, 01 Aug 2017 06:57:04 Image.py[line:397] DEBUG Importing EpsImagePlugin
Tue, 01 Aug 2017 06:57:04 Image.py[line:397] DEBUG Importing FitsStubImagePlugin
Tue, 01 Aug 2017 06:57:04 Image.py[line:397] DEBUG Importing FliImagePlugin
Tue, 01 Aug 2017 06:57:04 Image.py[line:397] DEBUG Importing FpxImagePlugin
Tue, 01 Aug 2017 06:57:04 Image.py[line:397] DEBUG Importing FtexImagePlugin
Tue, 01 Aug 2017 06:57:04 Image.py[line:397] DEBUG Importing GbrImagePlugin
Tue, 01 Aug 2017 06:57:04 Image.py[line:397] DEBUG Importing GifImagePlugin
Tue, 01 Aug 2017 06:57:04 Image.py[line:397] DEBUG Importing GribStubImagePlugin
Tue, 01 Aug 2017 06:57:04 Image.py[line:397] DEBUG Importing Hdf5StubImagePlugin
Tue, 01 Aug 2017 06:57:04 Image.py[line:397] DEBUG Importing IcnsImagePlugin
Tue, 01 Aug 2017 06:57:04 Image.py[line:397] DEBUG Importing IcoImagePlugin
Tue, 01 Aug 2017 06:57:04 Image.py[line:397] DEBUG Importing ImImagePlugin
Tue, 01 Aug 2017 06:57:04 Image.py[line:397] DEBUG Importing ImtImagePlugin
Tue, 01 Aug 2017 06:57:04 Image.py[line:397] DEBUG Importing IptcImagePlugin
Tue, 01 Aug 2017 06:57:04 Image.py[line:397] DEBUG Importing JpegImagePlugin
Tue, 01 Aug 2017 06:57:04 Image.py[line:397] DEBUG Importing Jpeg2KImagePlugin
Tue, 01 Aug 2017 06:57:04 Image.py[line:397] DEBUG Importing McIdasImagePlugin
Tue, 01 Aug 2017 06:57:04 Image.py[line:397] DEBUG Importing MicImagePlugin
Tue, 01 Aug 2017 06:57:04 Image.py[line:397] DEBUG Importing MpegImagePlugin
Tue, 01 Aug 2017 06:57:04 Image.py[line:397] DEBUG Importing MpoImagePlugin
Tue, 01 Aug 2017 06:57:04 Image.py[line:397] DEBUG Importing MspImagePlugin
Tue, 01 Aug 2017 06:57:04 Image.py[line:397] DEBUG Importing PalmImagePlugin
Tue, 01 Aug 2017 06:57:04 Image.py[line:397] DEBUG Importing PcdImagePlugin
Tue, 01 Aug 2017 06:57:04 Image.py[line:397] DEBUG Importing PcxImagePlugin
Tue, 01 Aug 2017 06:57:04 Image.py[line:397] DEBUG Importing PdfImagePlugin
Tue, 01 Aug 2017 06:57:04 Image.py[line:397] DEBUG Importing PixarImagePlugin
Tue, 01 Aug 2017 06:57:04 Image.py[line:397] DEBUG Importing PngImagePlugin
Tue, 01 Aug 2017 06:57:04 Image.py[line:397] DEBUG Importing PpmImagePlugin
Tue, 01 Aug 2017 06:57:04 Image.py[line:397] DEBUG Importing PsdImagePlugin
Tue, 01 Aug 2017 06:57:04 Image.py[line:397] DEBUG Importing SgiImagePlugin
Tue, 01 Aug 2017 06:57:04 Image.py[line:397] DEBUG Importing SpiderImagePlugin
Tue, 01 Aug 2017 06:57:04 Image.py[line:397] DEBUG Importing SunImagePlugin
Tue, 01 Aug 2017 06:57:04 Image.py[line:397] DEBUG Importing TgaImagePlugin
Tue, 01 Aug 2017 06:57:04 Image.py[line:397] DEBUG Importing TiffImagePlugin
Tue, 01 Aug 2017 06:57:04 Image.py[line:397] DEBUG Importing WebPImagePlugin
Tue, 01 Aug 2017 06:57:04 Image.py[line:397] DEBUG Importing WmfImagePlugin
Tue, 01 Aug 2017 06:57:04 Image.py[line:397] DEBUG Importing XbmImagePlugin
Tue, 01 Aug 2017 06:57:04 Image.py[line:397] DEBUG Importing XpmImagePlugin
Tue, 01 Aug 2017 06:57:04 Image.py[line:397] DEBUG Importing XVThumbImagePlugin
Tue, 01 Aug 2017 06:57:16 connectionpool.py[line:400] DEBUG http://www.gsxt.gov.cn:80 "POST /corp-query-search-1.html HTTP/1.1" 200 None
Tue, 01 Aug 2017 06:58:06 connectionpool.py[line:212] DEBUG Starting new HTTP connection (1): www.gsxt.gov.cn
Tue, 01 Aug 2017 06:58:06 connectionpool.py[line:400] DEBUG http://www.gsxt.gov.cn:80 "GET /index.html HTTP/1.1" 200 None
Tue, 01 Aug 2017 06:58:06 connectionpool.py[line:212] DEBUG Starting new HTTP connection (1): 59.110.138.116
Tue, 01 Aug 2017 06:58:18 connectionpool.py[line:400] DEBUG http://59.110.138.116:80 "GET /geetest/get?token=seo_test1&reg=http://www.gsxt.gov.cn/SearchItemCaptcha HTTP/1.1" 200 None
Tue, 01 Aug 2017 06:58:21 connectionpool.py[line:400] DEBUG http://www.gsxt.gov.cn:80 "POST /corp-query-search-1.html HTTP/1.1" 200 None
Tue, 01 Aug 2017 06:58:21 connectionpool.py[line:400] DEBUG http://www.gsxt.gov.cn:80 "GET /index.html HTTP/1.1" 200 None
Tue, 01 Aug 2017 06:58:24 connectionpool.py[line:400] DEBUG http://59.110.138.116:80 "GET /geetest/get?token=seo_test1&reg=http://www.gsxt.gov.cn/SearchItemCaptcha HTTP/1.1" 200 None
Tue, 01 Aug 2017 06:58:24 Public_code.py[line:28] INFO connect is success!
Tue, 01 Aug 2017 06:58:25 Image.py[line:397] DEBUG Importing BmpImagePlugin
Tue, 01 Aug 2017 06:58:25 Image.py[line:397] DEBUG Importing BufrStubImagePlugin
Tue, 01 Aug 2017 06:58:25 Image.py[line:397] DEBUG Importing CurImagePlugin
Tue, 01 Aug 2017 06:58:25 Image.py[line:397] DEBUG Importing DcxImagePlugin
Tue, 01 Aug 2017 06:58:25 Image.py[line:397] DEBUG Importing DdsImagePlugin
Tue, 01 Aug 2017 06:58:25 Image.py[line:397] DEBUG Importing EpsImagePlugin
Tue, 01 Aug 2017 06:58:25 Image.py[line:397] DEBUG Importing FitsStubImagePlugin
Tue, 01 Aug 2017 06:58:25 Image.py[line:397] DEBUG Importing FliImagePlugin
Tue, 01 Aug 2017 06:58:25 Image.py[line:397] DEBUG Importing FpxImagePlugin
Tue, 01 Aug 2017 06:58:25 Image.py[line:397] DEBUG Importing FtexImagePlugin
Tue, 01 Aug 2017 06:58:25 Image.py[line:397] DEBUG Importing GbrImagePlugin
Tue, 01 Aug 2017 06:58:25 Image.py[line:397] DEBUG Importing GifImagePlugin
Tue, 01 Aug 2017 06:58:25 Image.py[line:397] DEBUG Importing GribStubImagePlugin
Tue, 01 Aug 2017 06:58:25 Image.py[line:397] DEBUG Importing Hdf5StubImagePlugin
Tue, 01 Aug 2017 06:58:25 Image.py[line:397] DEBUG Importing IcnsImagePlugin
Tue, 01 Aug 2017 06:58:25 Image.py[line:397] DEBUG Importing IcoImagePlugin
Tue, 01 Aug 2017 06:58:25 Image.py[line:397] DEBUG Importing ImImagePlugin
Tue, 01 Aug 2017 06:58:25 Image.py[line:397] DEBUG Importing ImtImagePlugin
Tue, 01 Aug 2017 06:58:25 Image.py[line:397] DEBUG Importing IptcImagePlugin
Tue, 01 Aug 2017 06:58:25 Image.py[line:397] DEBUG Importing JpegImagePlugin
Tue, 01 Aug 2017 06:58:25 Image.py[line:397] DEBUG Importing Jpeg2KImagePlugin
Tue, 01 Aug 2017 06:58:25 Image.py[line:397] DEBUG Importing McIdasImagePlugin
Tue, 01 Aug 2017 06:58:25 Image.py[line:397] DEBUG Importing MicImagePlugin
Tue, 01 Aug 2017 06:58:25 Image.py[line:397] DEBUG Importing MpegImagePlugin
Tue, 01 Aug 2017 06:58:25 Image.py[line:397] DEBUG Importing MpoImagePlugin
Tue, 01 Aug 2017 06:58:25 Image.py[line:397] DEBUG Importing MspImagePlugin
Tue, 01 Aug 2017 06:58:25 Image.py[line:397] DEBUG Importing PalmImagePlugin
Tue, 01 Aug 2017 06:58:25 Image.py[line:397] DEBUG Importing PcdImagePlugin
Tue, 01 Aug 2017 06:58:25 Image.py[line:397] DEBUG Importing PcxImagePlugin
Tue, 01 Aug 2017 06:58:25 Image.py[line:397] DEBUG Importing PdfImagePlugin
Tue, 01 Aug 2017 06:58:25 Image.py[line:397] DEBUG Importing PixarImagePlugin
Tue, 01 Aug 2017 06:58:25 Image.py[line:397] DEBUG Importing PngImagePlugin
Tue, 01 Aug 2017 06:58:25 Image.py[line:397] DEBUG Importing PpmImagePlugin
Tue, 01 Aug 2017 06:58:25 Image.py[line:397] DEBUG Importing PsdImagePlugin
Tue, 01 Aug 2017 06:58:25 Image.py[line:397] DEBUG Importing SgiImagePlugin
Tue, 01 Aug 2017 06:58:25 Image.py[line:397] DEBUG Importing SpiderImagePlugin
Tue, 01 Aug 2017 06:58:25 Image.py[line:397] DEBUG Importing SunImagePlugin
Tue, 01 Aug 2017 06:58:25 Image.py[line:397] DEBUG Importing TgaImagePlugin
Tue, 01 Aug 2017 06:58:25 Image.py[line:397] DEBUG Importing TiffImagePlugin
Tue, 01 Aug 2017 06:58:25 Image.py[line:397] DEBUG Importing WebPImagePlugin
Tue, 01 Aug 2017 06:58:25 Image.py[line:397] DEBUG Importing WmfImagePlugin
Tue, 01 Aug 2017 06:58:25 Image.py[line:397] DEBUG Importing XbmImagePlugin
Tue, 01 Aug 2017 06:58:25 Image.py[line:397] DEBUG Importing XpmImagePlugin
Tue, 01 Aug 2017 06:58:25 Image.py[line:397] DEBUG Importing XVThumbImagePlugin
Tue, 01 Aug 2017 06:58:48 connectionpool.py[line:400] DEBUG http://www.gsxt.gov.cn:80 "POST /corp-query-search-1.html HTTP/1.1" 200 None
Tue, 01 Aug 2017 06:59:21 connectionpool.py[line:212] DEBUG Starting new HTTP connection (1): www.gsxt.gov.cn
Tue, 01 Aug 2017 06:59:22 connectionpool.py[line:400] DEBUG http://www.gsxt.gov.cn:80 "GET /index.html HTTP/1.1" 200 None
Tue, 01 Aug 2017 06:59:22 connectionpool.py[line:212] DEBUG Starting new HTTP connection (1): 59.110.138.116
Tue, 01 Aug 2017 06:59:24 connectionpool.py[line:400] DEBUG http://59.110.138.116:80 "GET /geetest/get?token=seo_test1&reg=http://www.gsxt.gov.cn/SearchItemCaptcha HTTP/1.1" 200 None
Tue, 01 Aug 2017 06:59:26 connectionpool.py[line:400] DEBUG http://www.gsxt.gov.cn:80 "POST /corp-query-search-1.html HTTP/1.1" 200 None
Tue, 01 Aug 2017 06:59:26 connectionpool.py[line:400] DEBUG http://www.gsxt.gov.cn:80 "GET /index.html HTTP/1.1" 200 None
Tue, 01 Aug 2017 06:59:29 connectionpool.py[line:400] DEBUG http://59.110.138.116:80 "GET /geetest/get?token=seo_test1&reg=http://www.gsxt.gov.cn/SearchItemCaptcha HTTP/1.1" 200 None
Tue, 01 Aug 2017 06:59:29 Public_code.py[line:28] INFO connect is success!
Tue, 01 Aug 2017 06:59:30 Image.py[line:397] DEBUG Importing BmpImagePlugin
Tue, 01 Aug 2017 06:59:30 Image.py[line:397] DEBUG Importing BufrStubImagePlugin
Tue, 01 Aug 2017 06:59:30 Image.py[line:397] DEBUG Importing CurImagePlugin
Tue, 01 Aug 2017 06:59:30 Image.py[line:397] DEBUG Importing DcxImagePlugin
Tue, 01 Aug 2017 06:59:30 Image.py[line:397] DEBUG Importing DdsImagePlugin
Tue, 01 Aug 2017 06:59:30 Image.py[line:397] DEBUG Importing EpsImagePlugin
Tue, 01 Aug 2017 06:59:30 Image.py[line:397] DEBUG Importing FitsStubImagePlugin
Tue, 01 Aug 2017 06:59:30 Image.py[line:397] DEBUG Importing FliImagePlugin
Tue, 01 Aug 2017 06:59:30 Image.py[line:397] DEBUG Importing FpxImagePlugin
Tue, 01 Aug 2017 06:59:30 Image.py[line:397] DEBUG Importing FtexImagePlugin
Tue, 01 Aug 2017 06:59:30 Image.py[line:397] DEBUG Importing GbrImagePlugin
Tue, 01 Aug 2017 06:59:30 Image.py[line:397] DEBUG Importing GifImagePlugin
Tue, 01 Aug 2017 06:59:30 Image.py[line:397] DEBUG Importing GribStubImagePlugin
Tue, 01 Aug 2017 06:59:30 Image.py[line:397] DEBUG Importing Hdf5StubImagePlugin
Tue, 01 Aug 2017 06:59:30 Image.py[line:397] DEBUG Importing IcnsImagePlugin
Tue, 01 Aug 2017 06:59:30 Image.py[line:397] DEBUG Importing IcoImagePlugin
Tue, 01 Aug 2017 06:59:30 Image.py[line:397] DEBUG Importing ImImagePlugin
Tue, 01 Aug 2017 06:59:30 Image.py[line:397] DEBUG Importing ImtImagePlugin
Tue, 01 Aug 2017 06:59:30 Image.py[line:397] DEBUG Importing IptcImagePlugin
Tue, 01 Aug 2017 06:59:30 Image.py[line:397] DEBUG Importing JpegImagePlugin
Tue, 01 Aug 2017 06:59:30 Image.py[line:397] DEBUG Importing Jpeg2KImagePlugin
Tue, 01 Aug 2017 06:59:30 Image.py[line:397] DEBUG Importing McIdasImagePlugin
Tue, 01 Aug 2017 06:59:30 Image.py[line:397] DEBUG Importing MicImagePlugin
Tue, 01 Aug 2017 06:59:30 Image.py[line:397] DEBUG Importing MpegImagePlugin
Tue, 01 Aug 2017 06:59:30 Image.py[line:397] DEBUG Importing MpoImagePlugin
Tue, 01 Aug 2017 06:59:30 Image.py[line:397] DEBUG Importing MspImagePlugin
Tue, 01 Aug 2017 06:59:30 Image.py[line:397] DEBUG Importing PalmImagePlugin
Tue, 01 Aug 2017 06:59:30 Image.py[line:397] DEBUG Importing PcdImagePlugin
Tue, 01 Aug 2017 06:59:30 Image.py[line:397] DEBUG Importing PcxImagePlugin
Tue, 01 Aug 2017 06:59:30 Image.py[line:397] DEBUG Importing PdfImagePlugin
Tue, 01 Aug 2017 06:59:30 Image.py[line:397] DEBUG Importing PixarImagePlugin
Tue, 01 Aug 2017 06:59:30 Image.py[line:397] DEBUG Importing PngImagePlugin
Tue, 01 Aug 2017 06:59:30 Image.py[line:397] DEBUG Importing PpmImagePlugin
Tue, 01 Aug 2017 06:59:30 Image.py[line:397] DEBUG Importing PsdImagePlugin
Tue, 01 Aug 2017 06:59:30 Image.py[line:397] DEBUG Importing SgiImagePlugin
Tue, 01 Aug 2017 06:59:30 Image.py[line:397] DEBUG Importing SpiderImagePlugin
Tue, 01 Aug 2017 06:59:30 Image.py[line:397] DEBUG Importing SunImagePlugin
Tue, 01 Aug 2017 06:59:30 Image.py[line:397] DEBUG Importing TgaImagePlugin
Tue, 01 Aug 2017 06:59:30 Image.py[line:397] DEBUG Importing TiffImagePlugin
Tue, 01 Aug 2017 06:59:30 Image.py[line:397] DEBUG Importing WebPImagePlugin
Tue, 01 Aug 2017 06:59:30 Image.py[line:397] DEBUG Importing WmfImagePlugin
Tue, 01 Aug 2017 06:59:30 Image.py[line:397] DEBUG Importing XbmImagePlugin
Tue, 01 Aug 2017 06:59:30 Image.py[line:397] DEBUG Importing XpmImagePlugin
Tue, 01 Aug 2017 06:59:30 Image.py[line:397] DEBUG Importing XVThumbImagePlugin
Tue, 01 Aug 2017 06:59:39 connectionpool.py[line:400] DEBUG http://www.gsxt.gov.cn:80 "POST /corp-query-search-1.html HTTP/1.1" 200 None
Tue, 01 Aug 2017 07:01:35 connectionpool.py[line:212] DEBUG Starting new HTTP connection (1): www.gsxt.gov.cn
Tue, 01 Aug 2017 07:01:35 connectionpool.py[line:400] DEBUG http://www.gsxt.gov.cn:80 "GET /index.html HTTP/1.1" 200 None
Tue, 01 Aug 2017 07:01:35 connectionpool.py[line:212] DEBUG Starting new HTTP connection (1): 59.110.138.116
Tue, 01 Aug 2017 07:01:36 connectionpool.py[line:400] DEBUG http://59.110.138.116:80 "GET /geetest/get?token=seo_test1&reg=http://www.gsxt.gov.cn/SearchItemCaptcha HTTP/1.1" 200 None
Tue, 01 Aug 2017 07:01:38 connectionpool.py[line:400] DEBUG http://www.gsxt.gov.cn:80 "POST /corp-query-search-1.html HTTP/1.1" 200 None
Tue, 01 Aug 2017 07:01:38 connectionpool.py[line:400] DEBUG http://www.gsxt.gov.cn:80 "GET /index.html HTTP/1.1" 200 None
Tue, 01 Aug 2017 07:01:40 connectionpool.py[line:400] DEBUG http://59.110.138.116:80 "GET /geetest/get?token=seo_test1&reg=http://www.gsxt.gov.cn/SearchItemCaptcha HTTP/1.1" 200 None
Tue, 01 Aug 2017 07:01:40 Public_code.py[line:28] INFO connect is success!
Tue, 01 Aug 2017 07:01:40 Image.py[line:397] DEBUG Importing BmpImagePlugin
Tue, 01 Aug 2017 07:01:40 Image.py[line:397] DEBUG Importing BufrStubImagePlugin
Tue, 01 Aug 2017 07:01:40 Image.py[line:397] DEBUG Importing CurImagePlugin
Tue, 01 Aug 2017 07:01:40 Image.py[line:397] DEBUG Importing DcxImagePlugin
Tue, 01 Aug 2017 07:01:40 Image.py[line:397] DEBUG Importing DdsImagePlugin
Tue, 01 Aug 2017 07:01:40 Image.py[line:397] DEBUG Importing EpsImagePlugin
Tue, 01 Aug 2017 07:01:40 Image.py[line:397] DEBUG Importing FitsStubImagePlugin
Tue, 01 Aug 2017 07:01:40 Image.py[line:397] DEBUG Importing FliImagePlugin
Tue, 01 Aug 2017 07:01:40 Image.py[line:397] DEBUG Importing FpxImagePlugin
Tue, 01 Aug 2017 07:01:40 Image.py[line:397] DEBUG Importing FtexImagePlugin
Tue, 01 Aug 2017 07:01:40 Image.py[line:397] DEBUG Importing GbrImagePlugin
Tue, 01 Aug 2017 07:01:40 Image.py[line:397] DEBUG Importing GifImagePlugin
Tue, 01 Aug 2017 07:01:40 Image.py[line:397] DEBUG Importing GribStubImagePlugin
Tue, 01 Aug 2017 07:01:40 Image.py[line:397] DEBUG Importing Hdf5StubImagePlugin
Tue, 01 Aug 2017 07:01:40 Image.py[line:397] DEBUG Importing IcnsImagePlugin
Tue, 01 Aug 2017 07:01:40 Image.py[line:397] DEBUG Importing IcoImagePlugin
Tue, 01 Aug 2017 07:01:40 Image.py[line:397] DEBUG Importing ImImagePlugin
Tue, 01 Aug 2017 07:01:40 Image.py[line:397] DEBUG Importing ImtImagePlugin
Tue, 01 Aug 2017 07:01:40 Image.py[line:397] DEBUG Importing IptcImagePlugin
Tue, 01 Aug 2017 07:01:40 Image.py[line:397] DEBUG Importing JpegImagePlugin
Tue, 01 Aug 2017 07:01:40 Image.py[line:397] DEBUG Importing Jpeg2KImagePlugin
Tue, 01 Aug 2017 07:01:40 Image.py[line:397] DEBUG Importing McIdasImagePlugin
Tue, 01 Aug 2017 07:01:40 Image.py[line:397] DEBUG Importing MicImagePlugin
Tue, 01 Aug 2017 07:01:40 Image.py[line:397] DEBUG Importing MpegImagePlugin
Tue, 01 Aug 2017 07:01:40 Image.py[line:397] DEBUG Importing MpoImagePlugin
Tue, 01 Aug 2017 07:01:40 Image.py[line:397] DEBUG Importing MspImagePlugin
Tue, 01 Aug 2017 07:01:40 Image.py[line:397] DEBUG Importing PalmImagePlugin
Tue, 01 Aug 2017 07:01:40 Image.py[line:397] DEBUG Importing PcdImagePlugin
Tue, 01 Aug 2017 07:01:40 Image.py[line:397] DEBUG Importing PcxImagePlugin
Tue, 01 Aug 2017 07:01:40 Image.py[line:397] DEBUG Importing PdfImagePlugin
Tue, 01 Aug 2017 07:01:40 Image.py[line:397] DEBUG Importing PixarImagePlugin
Tue, 01 Aug 2017 07:01:40 Image.py[line:397] DEBUG Importing PngImagePlugin
Tue, 01 Aug 2017 07:01:40 Image.py[line:397] DEBUG Importing PpmImagePlugin
Tue, 01 Aug 2017 07:01:40 Image.py[line:397] DEBUG Importing PsdImagePlugin
Tue, 01 Aug 2017 07:01:40 Image.py[line:397] DEBUG Importing SgiImagePlugin
Tue, 01 Aug 2017 07:01:40 Image.py[line:397] DEBUG Importing SpiderImagePlugin
Tue, 01 Aug 2017 07:01:40 Image.py[line:397] DEBUG Importing SunImagePlugin
Tue, 01 Aug 2017 07:01:40 Image.py[line:397] DEBUG Importing TgaImagePlugin
Tue, 01 Aug 2017 07:01:40 Image.py[line:397] DEBUG Importing TiffImagePlugin
Tue, 01 Aug 2017 07:01:40 Image.py[line:397] DEBUG Importing WebPImagePlugin
Tue, 01 Aug 2017 07:01:40 Image.py[line:397] DEBUG Importing WmfImagePlugin
Tue, 01 Aug 2017 07:01:40 Image.py[line:397] DEBUG Importing XbmImagePlugin
Tue, 01 Aug 2017 07:01:40 Image.py[line:397] DEBUG Importing XpmImagePlugin
Tue, 01 Aug 2017 07:01:40 Image.py[line:397] DEBUG Importing XVThumbImagePlugin
Tue, 01 Aug 2017 07:01:49 connectionpool.py[line:400] DEBUG http://www.gsxt.gov.cn:80 "POST /corp-query-search-1.html HTTP/1.1" 200 None
Tue, 01 Aug 2017 07:02:25 connectionpool.py[line:212] DEBUG Starting new HTTP connection (1): www.gsxt.gov.cn
Tue, 01 Aug 2017 07:02:25 connectionpool.py[line:400] DEBUG http://www.gsxt.gov.cn:80 "GET /index.html HTTP/1.1" 200 None
Tue, 01 Aug 2017 07:02:25 connectionpool.py[line:212] DEBUG Starting new HTTP connection (1): 59.110.138.116
Tue, 01 Aug 2017 07:02:27 connectionpool.py[line:400] DEBUG http://59.110.138.116:80 "GET /geetest/get?token=seo_test1&reg=http://www.gsxt.gov.cn/SearchItemCaptcha HTTP/1.1" 200 None
Tue, 01 Aug 2017 07:02:29 connectionpool.py[line:400] DEBUG http://www.gsxt.gov.cn:80 "POST /corp-query-search-1.html HTTP/1.1" 200 None
Tue, 01 Aug 2017 07:02:29 connectionpool.py[line:400] DEBUG http://www.gsxt.gov.cn:80 "GET /index.html HTTP/1.1" 200 None
Tue, 01 Aug 2017 07:02:36 connectionpool.py[line:400] DEBUG http://59.110.138.116:80 "GET /geetest/get?token=seo_test1&reg=http://www.gsxt.gov.cn/SearchItemCaptcha HTTP/1.1" 200 None
Tue, 01 Aug 2017 07:02:36 Public_code.py[line:28] INFO connect is success!
Tue, 01 Aug 2017 07:02:36 connectionpool.py[line:400] DEBUG http://www.gsxt.gov.cn:80 "POST /corp-query-search-1.html HTTP/1.1" 200 None
Tue, 01 Aug 2017 07:02:36 Public_code.py[line:28] INFO connect is success!
Tue, 01 Aug 2017 07:08:17 connectionpool.py[line:212] DEBUG Starting new HTTP connection (1): www.gsxt.gov.cn
Tue, 01 Aug 2017 07:08:17 connectionpool.py[line:400] DEBUG http://www.gsxt.gov.cn:80 "GET /index.html HTTP/1.1" 200 None
Tue, 01 Aug 2017 07:08:17 connectionpool.py[line:212] DEBUG Starting new HTTP connection (1): 59.110.138.116
Tue, 01 Aug 2017 07:08:18 connectionpool.py[line:400] DEBUG http://59.110.138.116:80 "GET /geetest/get?token=seo_test1&reg=http://www.gsxt.gov.cn/SearchItemCaptcha HTTP/1.1" 200 None
Tue, 01 Aug 2017 07:08:18 connectionpool.py[line:400] DEBUG http://www.gsxt.gov.cn:80 "POST /corp-query-search-1.html HTTP/1.1" 200 None
Tue, 01 Aug 2017 07:08:18 connectionpool.py[line:400] DEBUG http://www.gsxt.gov.cn:80 "GET /index.html HTTP/1.1" 200 None
Tue, 01 Aug 2017 07:08:21 connectionpool.py[line:400] DEBUG http://59.110.138.116:80 "GET /geetest/get?token=seo_test1&reg=http://www.gsxt.gov.cn/SearchItemCaptcha HTTP/1.1" 200 None
Tue, 01 Aug 2017 07:08:21 Public_code.py[line:28] INFO connect is success!
Tue, 01 Aug 2017 07:08:21 connectionpool.py[line:400] DEBUG http://www.gsxt.gov.cn:80 "POST /corp-query-search-1.html HTTP/1.1" 200 None
Tue, 01 Aug 2017 07:08:21 Public_code.py[line:28] INFO connect is success!
