Thu, 03 Aug 2017 10:07:49 Public_code.py[line:28] INFO connect is success!
Thu, 03 Aug 2017 10:07:49 Public_code.py[line:62] INFO there remains 2 times to send requests 
Thu, 03 Aug 2017 10:07:49 connectionpool.py[line:212] DEBUG Starting new HTTP connection (1): www.gsxt.gov.cn
Thu, 03 Aug 2017 10:07:49 connectionpool.py[line:400] DEBUG http://www.gsxt.gov.cn:80 "GET //%7BEpnmMef0Lm8bMpGx8CxTSxrU7TrbkS1nRxkFnTLtNrmRRPILkdhngEpwnF-VQSDwrlRa0flAecmmoTWG803CeSJ9jD1av_y3UVU3UTmlKszC315TLT2XcPrqawrok5Bq-1501725581814%7D HTTP/1.1" 404 None
Thu, 03 Aug 2017 10:07:49 Public_code.py[line:65] INFO the status_code is 404 
Thu, 03 Aug 2017 10:07:49 Public_code.py[line:75] ERROR 网站暂时无法访问！！!
Thu, 03 Aug 2017 10:08:02 Public_code.py[line:28] INFO connect is success!
Thu, 03 Aug 2017 10:08:02 Public_code.py[line:62] INFO there remains 2 times to send requests 
Thu, 03 Aug 2017 10:08:02 connectionpool.py[line:212] DEBUG Starting new HTTP connection (1): www.gsxt.gov.cn
Thu, 03 Aug 2017 10:08:02 connectionpool.py[line:400] DEBUG http://www.gsxt.gov.cn:80 "GET /%7BEpnmMef0Lm8bMpGx8CxTSxrU7TrbkS1nRxkFnTLtNrmRRPILkdhngEpwnF-VQSDwrlRa0flAecmmoTWG803CeSJ9jD1av_y3UVU3UTmlKszC315TLT2XcPrqawrok5Bq-1501725581814%7D HTTP/1.1" 200 None
Thu, 03 Aug 2017 10:08:02 Public_code.py[line:65] INFO the status_code is 200 
Thu, 03 Aug 2017 10:08:02 Public_code.py[line:62] INFO there remains 2 times to send requests 
Thu, 03 Aug 2017 10:08:02 connectionpool.py[line:212] DEBUG Starting new HTTP connection (1): www.gsxt.gov.cn
Thu, 03 Aug 2017 10:08:02 connectionpool.py[line:400] DEBUG http://www.gsxt.gov.cn:80 "GET /%7BEpnmMef0Lm8bMpGx8CxTSxrU7TrbkS1nRxkFnTLtNrmRRPILkdhngEpwnF-VQSDwrlRa0flAecmmoTWG803CeSJ9jD1av_y3UVU3UTmlKszC315TLT2XcPrqawrok5Bq-1501725581814%7D HTTP/1.1" 200 None
Thu, 03 Aug 2017 10:08:02 Public_code.py[line:65] INFO the status_code is 200 
Thu, 03 Aug 2017 10:08:02 Public_code.py[line:108] INFO share: 48
Thu, 03 Aug 2017 10:08:02 Public_code.py[line:62] INFO there remains 2 times to send requests 
Thu, 03 Aug 2017 10:08:02 connectionpool.py[line:212] DEBUG Starting new HTTP connection (1): www.gsxt.gov.cn
Thu, 03 Aug 2017 10:08:02 connectionpool.py[line:400] DEBUG http://www.gsxt.gov.cn:80 "GET /corp-query-entprise-info-shareholderDetail-PROVINCENODENUM37000011C8110392F10142E0530A30.html HTTP/1.1" 200 None
Thu, 03 Aug 2017 10:08:02 Public_code.py[line:65] INFO the status_code is 200 
Thu, 03 Aug 2017 10:08:48 Public_code.py[line:28] INFO connect is success!
Thu, 03 Aug 2017 10:08:50 Image.py[line:397] DEBUG Importing BmpImagePlugin
Thu, 03 Aug 2017 10:08:50 Image.py[line:397] DEBUG Importing BufrStubImagePlugin
Thu, 03 Aug 2017 10:08:50 Image.py[line:397] DEBUG Importing CurImagePlugin
Thu, 03 Aug 2017 10:08:50 Image.py[line:397] DEBUG Importing DcxImagePlugin
Thu, 03 Aug 2017 10:08:50 Image.py[line:397] DEBUG Importing DdsImagePlugin
Thu, 03 Aug 2017 10:08:50 Image.py[line:397] DEBUG Importing EpsImagePlugin
Thu, 03 Aug 2017 10:08:50 Image.py[line:397] DEBUG Importing FitsStubImagePlugin
Thu, 03 Aug 2017 10:08:50 Image.py[line:397] DEBUG Importing FliImagePlugin
Thu, 03 Aug 2017 10:08:50 Image.py[line:397] DEBUG Importing FpxImagePlugin
Thu, 03 Aug 2017 10:08:50 Image.py[line:397] DEBUG Importing FtexImagePlugin
Thu, 03 Aug 2017 10:08:50 Image.py[line:397] DEBUG Importing GbrImagePlugin
Thu, 03 Aug 2017 10:08:50 Image.py[line:397] DEBUG Importing GifImagePlugin
Thu, 03 Aug 2017 10:08:50 Image.py[line:397] DEBUG Importing GribStubImagePlugin
Thu, 03 Aug 2017 10:08:50 Image.py[line:397] DEBUG Importing Hdf5StubImagePlugin
Thu, 03 Aug 2017 10:08:50 Image.py[line:397] DEBUG Importing IcnsImagePlugin
Thu, 03 Aug 2017 10:08:50 Image.py[line:397] DEBUG Importing IcoImagePlugin
Thu, 03 Aug 2017 10:08:50 Image.py[line:397] DEBUG Importing ImImagePlugin
Thu, 03 Aug 2017 10:08:50 Image.py[line:397] DEBUG Importing ImtImagePlugin
Thu, 03 Aug 2017 10:08:50 Image.py[line:397] DEBUG Importing IptcImagePlugin
Thu, 03 Aug 2017 10:08:50 Image.py[line:397] DEBUG Importing JpegImagePlugin
Thu, 03 Aug 2017 10:08:50 Image.py[line:397] DEBUG Importing Jpeg2KImagePlugin
Thu, 03 Aug 2017 10:08:50 Image.py[line:397] DEBUG Importing McIdasImagePlugin
Thu, 03 Aug 2017 10:08:50 Image.py[line:397] DEBUG Importing MicImagePlugin
Thu, 03 Aug 2017 10:08:50 Image.py[line:397] DEBUG Importing MpegImagePlugin
Thu, 03 Aug 2017 10:08:50 Image.py[line:397] DEBUG Importing MpoImagePlugin
Thu, 03 Aug 2017 10:08:50 Image.py[line:397] DEBUG Importing MspImagePlugin
Thu, 03 Aug 2017 10:08:50 Image.py[line:397] DEBUG Importing PalmImagePlugin
Thu, 03 Aug 2017 10:08:50 Image.py[line:397] DEBUG Importing PcdImagePlugin
Thu, 03 Aug 2017 10:08:50 Image.py[line:397] DEBUG Importing PcxImagePlugin
Thu, 03 Aug 2017 10:08:50 Image.py[line:397] DEBUG Importing PdfImagePlugin
Thu, 03 Aug 2017 10:08:50 Image.py[line:397] DEBUG Importing PixarImagePlugin
Thu, 03 Aug 2017 10:08:50 Image.py[line:397] DEBUG Importing PngImagePlugin
Thu, 03 Aug 2017 10:08:50 Image.py[line:397] DEBUG Importing PpmImagePlugin
Thu, 03 Aug 2017 10:08:50 Image.py[line:397] DEBUG Importing PsdImagePlugin
Thu, 03 Aug 2017 10:08:50 Image.py[line:397] DEBUG Importing SgiImagePlugin
Thu, 03 Aug 2017 10:08:50 Image.py[line:397] DEBUG Importing SpiderImagePlugin
Thu, 03 Aug 2017 10:08:50 Image.py[line:397] DEBUG Importing SunImagePlugin
Thu, 03 Aug 2017 10:08:50 Image.py[line:397] DEBUG Importing TgaImagePlugin
Thu, 03 Aug 2017 10:08:50 Image.py[line:397] DEBUG Importing TiffImagePlugin
Thu, 03 Aug 2017 10:08:50 Image.py[line:397] DEBUG Importing WebPImagePlugin
Thu, 03 Aug 2017 10:08:50 Image.py[line:397] DEBUG Importing WmfImagePlugin
Thu, 03 Aug 2017 10:08:50 Image.py[line:397] DEBUG Importing XbmImagePlugin
Thu, 03 Aug 2017 10:08:50 Image.py[line:397] DEBUG Importing XpmImagePlugin
Thu, 03 Aug 2017 10:08:50 Image.py[line:397] DEBUG Importing XVThumbImagePlugin
Thu, 03 Aug 2017 10:09:02 Public_code.py[line:62] INFO there remains 2 times to send requests 
Thu, 03 Aug 2017 10:09:02 connectionpool.py[line:212] DEBUG Starting new HTTP connection (1): www.gsxt.gov.cn
Thu, 03 Aug 2017 10:09:02 connectionpool.py[line:400] DEBUG http://www.gsxt.gov.cn:80 "GET /%7BEpnmMef0Lm8bMpGx8CxTSxrU7TrbkS1nRxkFnTLtNrmRRPILkdhngEpwnF-VQSDwrlRa0flAecmmoTWG803CeSJ9jD1av_y3UVU3UTmlKszC315TLT2XcPrqawrok5Bq-1501725581814%7D HTTP/1.1" 200 None
Thu, 03 Aug 2017 10:09:02 Public_code.py[line:65] INFO the status_code is 200 
Thu, 03 Aug 2017 10:09:02 Public_code.py[line:62] INFO there remains 2 times to send requests 
Thu, 03 Aug 2017 10:09:02 connectionpool.py[line:212] DEBUG Starting new HTTP connection (1): www.gsxt.gov.cn
Thu, 03 Aug 2017 10:09:02 connectionpool.py[line:400] DEBUG http://www.gsxt.gov.cn:80 "GET /%7BEpnmMef0Lm8bMpGx8CxTSxrU7TrbkS1nRxkFnTLtNrmRRPILkdhngEpwnF-VQSDwrlRa0flAecmmoTWG803CeSJ9jD1av_y3UVU3UTmlKszC315TLT2XcPrqawrok5Bq-1501725581814%7D HTTP/1.1" 200 None
Thu, 03 Aug 2017 10:09:02 Public_code.py[line:65] INFO the status_code is 200 
Thu, 03 Aug 2017 10:09:02 Public_code.py[line:108] INFO share: 48
Thu, 03 Aug 2017 10:09:02 Public_code.py[line:62] INFO there remains 2 times to send requests 
Thu, 03 Aug 2017 10:09:02 connectionpool.py[line:212] DEBUG Starting new HTTP connection (1): www.gsxt.gov.cn
Thu, 03 Aug 2017 10:09:02 connectionpool.py[line:400] DEBUG http://www.gsxt.gov.cn:80 "GET /corp-query-entprise-info-shareholderDetail-PROVINCENODENUM37000011C8110392F10142E0530A30.html HTTP/1.1" 200 None
Thu, 03 Aug 2017 10:09:02 Public_code.py[line:65] INFO the status_code is 200 
Thu, 03 Aug 2017 10:09:28 Public_code.py[line:28] INFO connect is success!
Thu, 03 Aug 2017 10:09:28 Image.py[line:397] DEBUG Importing BmpImagePlugin
Thu, 03 Aug 2017 10:09:28 Image.py[line:397] DEBUG Importing BufrStubImagePlugin
Thu, 03 Aug 2017 10:09:28 Image.py[line:397] DEBUG Importing CurImagePlugin
Thu, 03 Aug 2017 10:09:28 Image.py[line:397] DEBUG Importing DcxImagePlugin
Thu, 03 Aug 2017 10:09:28 Image.py[line:397] DEBUG Importing DdsImagePlugin
Thu, 03 Aug 2017 10:09:28 Image.py[line:397] DEBUG Importing EpsImagePlugin
Thu, 03 Aug 2017 10:09:28 Image.py[line:397] DEBUG Importing FitsStubImagePlugin
Thu, 03 Aug 2017 10:09:28 Image.py[line:397] DEBUG Importing FliImagePlugin
Thu, 03 Aug 2017 10:09:28 Image.py[line:397] DEBUG Importing FpxImagePlugin
Thu, 03 Aug 2017 10:09:28 Image.py[line:397] DEBUG Importing FtexImagePlugin
Thu, 03 Aug 2017 10:09:28 Image.py[line:397] DEBUG Importing GbrImagePlugin
Thu, 03 Aug 2017 10:09:28 Image.py[line:397] DEBUG Importing GifImagePlugin
Thu, 03 Aug 2017 10:09:29 Image.py[line:397] DEBUG Importing GribStubImagePlugin
Thu, 03 Aug 2017 10:09:29 Image.py[line:397] DEBUG Importing Hdf5StubImagePlugin
Thu, 03 Aug 2017 10:09:29 Image.py[line:397] DEBUG Importing IcnsImagePlugin
Thu, 03 Aug 2017 10:09:29 Image.py[line:397] DEBUG Importing IcoImagePlugin
Thu, 03 Aug 2017 10:09:29 Image.py[line:397] DEBUG Importing ImImagePlugin
Thu, 03 Aug 2017 10:09:29 Image.py[line:397] DEBUG Importing ImtImagePlugin
Thu, 03 Aug 2017 10:09:29 Image.py[line:397] DEBUG Importing IptcImagePlugin
Thu, 03 Aug 2017 10:09:29 Image.py[line:397] DEBUG Importing JpegImagePlugin
Thu, 03 Aug 2017 10:09:29 Image.py[line:397] DEBUG Importing Jpeg2KImagePlugin
Thu, 03 Aug 2017 10:09:29 Image.py[line:397] DEBUG Importing McIdasImagePlugin
Thu, 03 Aug 2017 10:09:29 Image.py[line:397] DEBUG Importing MicImagePlugin
Thu, 03 Aug 2017 10:09:29 Image.py[line:397] DEBUG Importing MpegImagePlugin
Thu, 03 Aug 2017 10:09:29 Image.py[line:397] DEBUG Importing MpoImagePlugin
Thu, 03 Aug 2017 10:09:29 Image.py[line:397] DEBUG Importing MspImagePlugin
Thu, 03 Aug 2017 10:09:29 Image.py[line:397] DEBUG Importing PalmImagePlugin
Thu, 03 Aug 2017 10:09:29 Image.py[line:397] DEBUG Importing PcdImagePlugin
Thu, 03 Aug 2017 10:09:29 Image.py[line:397] DEBUG Importing PcxImagePlugin
Thu, 03 Aug 2017 10:09:29 Image.py[line:397] DEBUG Importing PdfImagePlugin
Thu, 03 Aug 2017 10:09:29 Image.py[line:397] DEBUG Importing PixarImagePlugin
Thu, 03 Aug 2017 10:09:29 Image.py[line:397] DEBUG Importing PngImagePlugin
Thu, 03 Aug 2017 10:09:29 Image.py[line:397] DEBUG Importing PpmImagePlugin
Thu, 03 Aug 2017 10:09:29 Image.py[line:397] DEBUG Importing PsdImagePlugin
Thu, 03 Aug 2017 10:09:29 Image.py[line:397] DEBUG Importing SgiImagePlugin
Thu, 03 Aug 2017 10:09:29 Image.py[line:397] DEBUG Importing SpiderImagePlugin
Thu, 03 Aug 2017 10:09:29 Image.py[line:397] DEBUG Importing SunImagePlugin
Thu, 03 Aug 2017 10:09:29 Image.py[line:397] DEBUG Importing TgaImagePlugin
Thu, 03 Aug 2017 10:09:29 Image.py[line:397] DEBUG Importing TiffImagePlugin
Thu, 03 Aug 2017 10:09:29 Image.py[line:397] DEBUG Importing WebPImagePlugin
Thu, 03 Aug 2017 10:09:29 Image.py[line:397] DEBUG Importing WmfImagePlugin
Thu, 03 Aug 2017 10:09:29 Image.py[line:397] DEBUG Importing XbmImagePlugin
Thu, 03 Aug 2017 10:09:29 Image.py[line:397] DEBUG Importing XpmImagePlugin
Thu, 03 Aug 2017 10:09:29 Image.py[line:397] DEBUG Importing XVThumbImagePlugin
Thu, 03 Aug 2017 10:10:00 Public_code.py[line:62] INFO there remains 2 times to send requests 
Thu, 03 Aug 2017 10:10:00 connectionpool.py[line:212] DEBUG Starting new HTTP connection (1): www.gsxt.gov.cn
Thu, 03 Aug 2017 10:10:01 connectionpool.py[line:400] DEBUG http://www.gsxt.gov.cn:80 "GET /%7BEpnmMef0Lm8bMpGx8CxTSxrU7TrbkS1nRxkFnTLtNrmRRPILkdhngEpwnF-VQSDwrlRa0flAecmmoTWG803CeSJ9jD1av_y3UVU3UTmlKszC315TLT2XcPrqawrok5Bq-1501725581814%7D HTTP/1.1" 200 None
Thu, 03 Aug 2017 10:10:01 Public_code.py[line:65] INFO the status_code is 200 
Thu, 03 Aug 2017 10:10:06 Public_code.py[line:62] INFO there remains 2 times to send requests 
Thu, 03 Aug 2017 10:10:06 connectionpool.py[line:212] DEBUG Starting new HTTP connection (1): www.gsxt.gov.cn
Thu, 03 Aug 2017 10:10:06 connectionpool.py[line:400] DEBUG http://www.gsxt.gov.cn:80 "GET /%7BEpnmMef0Lm8bMpGx8CxTSxrU7TrbkS1nRxkFnTLtNrmRRPILkdhngEpwnF-VQSDwrlRa0flAecmmoTWG803CeSJ9jD1av_y3UVU3UTmlKszC315TLT2XcPrqawrok5Bq-1501725581814%7D HTTP/1.1" 200 None
Thu, 03 Aug 2017 10:10:06 Public_code.py[line:65] INFO the status_code is 200 
Thu, 03 Aug 2017 10:10:10 Public_code.py[line:108] INFO share: 48
Thu, 03 Aug 2017 10:10:34 Public_code.py[line:62] INFO there remains 2 times to send requests 
Thu, 03 Aug 2017 10:10:34 connectionpool.py[line:212] DEBUG Starting new HTTP connection (1): www.gsxt.gov.cn
Thu, 03 Aug 2017 10:10:34 connectionpool.py[line:400] DEBUG http://www.gsxt.gov.cn:80 "GET /corp-query-entprise-info-shareholderDetail-PROVINCENODENUM37000011C8110392F10142E0530A30.html HTTP/1.1" 200 None
Thu, 03 Aug 2017 10:10:34 Public_code.py[line:65] INFO the status_code is 200 
Thu, 03 Aug 2017 10:10:47 Public_code.py[line:28] INFO connect is success!
Thu, 03 Aug 2017 10:10:47 Image.py[line:397] DEBUG Importing BmpImagePlugin
Thu, 03 Aug 2017 10:10:47 Image.py[line:397] DEBUG Importing BufrStubImagePlugin
Thu, 03 Aug 2017 10:10:47 Image.py[line:397] DEBUG Importing CurImagePlugin
Thu, 03 Aug 2017 10:10:47 Image.py[line:397] DEBUG Importing DcxImagePlugin
Thu, 03 Aug 2017 10:10:47 Image.py[line:397] DEBUG Importing DdsImagePlugin
Thu, 03 Aug 2017 10:10:47 Image.py[line:397] DEBUG Importing EpsImagePlugin
Thu, 03 Aug 2017 10:10:47 Image.py[line:397] DEBUG Importing FitsStubImagePlugin
Thu, 03 Aug 2017 10:10:47 Image.py[line:397] DEBUG Importing FliImagePlugin
Thu, 03 Aug 2017 10:10:47 Image.py[line:397] DEBUG Importing FpxImagePlugin
Thu, 03 Aug 2017 10:10:47 Image.py[line:397] DEBUG Importing FtexImagePlugin
Thu, 03 Aug 2017 10:10:47 Image.py[line:397] DEBUG Importing GbrImagePlugin
Thu, 03 Aug 2017 10:10:47 Image.py[line:397] DEBUG Importing GifImagePlugin
Thu, 03 Aug 2017 10:10:47 Image.py[line:397] DEBUG Importing GribStubImagePlugin
Thu, 03 Aug 2017 10:10:47 Image.py[line:397] DEBUG Importing Hdf5StubImagePlugin
Thu, 03 Aug 2017 10:10:47 Image.py[line:397] DEBUG Importing IcnsImagePlugin
Thu, 03 Aug 2017 10:10:47 Image.py[line:397] DEBUG Importing IcoImagePlugin
Thu, 03 Aug 2017 10:10:47 Image.py[line:397] DEBUG Importing ImImagePlugin
Thu, 03 Aug 2017 10:10:47 Image.py[line:397] DEBUG Importing ImtImagePlugin
Thu, 03 Aug 2017 10:10:47 Image.py[line:397] DEBUG Importing IptcImagePlugin
Thu, 03 Aug 2017 10:10:47 Image.py[line:397] DEBUG Importing JpegImagePlugin
Thu, 03 Aug 2017 10:10:47 Image.py[line:397] DEBUG Importing Jpeg2KImagePlugin
Thu, 03 Aug 2017 10:10:47 Image.py[line:397] DEBUG Importing McIdasImagePlugin
Thu, 03 Aug 2017 10:10:47 Image.py[line:397] DEBUG Importing MicImagePlugin
Thu, 03 Aug 2017 10:10:47 Image.py[line:397] DEBUG Importing MpegImagePlugin
Thu, 03 Aug 2017 10:10:47 Image.py[line:397] DEBUG Importing MpoImagePlugin
Thu, 03 Aug 2017 10:10:47 Image.py[line:397] DEBUG Importing MspImagePlugin
Thu, 03 Aug 2017 10:10:47 Image.py[line:397] DEBUG Importing PalmImagePlugin
Thu, 03 Aug 2017 10:10:47 Image.py[line:397] DEBUG Importing PcdImagePlugin
Thu, 03 Aug 2017 10:10:47 Image.py[line:397] DEBUG Importing PcxImagePlugin
Thu, 03 Aug 2017 10:10:47 Image.py[line:397] DEBUG Importing PdfImagePlugin
Thu, 03 Aug 2017 10:10:47 Image.py[line:397] DEBUG Importing PixarImagePlugin
Thu, 03 Aug 2017 10:10:47 Image.py[line:397] DEBUG Importing PngImagePlugin
Thu, 03 Aug 2017 10:10:47 Image.py[line:397] DEBUG Importing PpmImagePlugin
Thu, 03 Aug 2017 10:10:47 Image.py[line:397] DEBUG Importing PsdImagePlugin
Thu, 03 Aug 2017 10:10:47 Image.py[line:397] DEBUG Importing SgiImagePlugin
Thu, 03 Aug 2017 10:10:47 Image.py[line:397] DEBUG Importing SpiderImagePlugin
Thu, 03 Aug 2017 10:10:47 Image.py[line:397] DEBUG Importing SunImagePlugin
Thu, 03 Aug 2017 10:10:47 Image.py[line:397] DEBUG Importing TgaImagePlugin
Thu, 03 Aug 2017 10:10:47 Image.py[line:397] DEBUG Importing TiffImagePlugin
Thu, 03 Aug 2017 10:10:47 Image.py[line:397] DEBUG Importing WebPImagePlugin
Thu, 03 Aug 2017 10:10:47 Image.py[line:397] DEBUG Importing WmfImagePlugin
Thu, 03 Aug 2017 10:10:47 Image.py[line:397] DEBUG Importing XbmImagePlugin
Thu, 03 Aug 2017 10:10:47 Image.py[line:397] DEBUG Importing XpmImagePlugin
Thu, 03 Aug 2017 10:10:47 Image.py[line:397] DEBUG Importing XVThumbImagePlugin
Thu, 03 Aug 2017 10:10:53 Public_code.py[line:62] INFO there remains 2 times to send requests 
Thu, 03 Aug 2017 10:10:53 connectionpool.py[line:212] DEBUG Starting new HTTP connection (1): www.gsxt.gov.cn
Thu, 03 Aug 2017 10:10:53 connectionpool.py[line:400] DEBUG http://www.gsxt.gov.cn:80 "GET /%7BEpnmMef0Lm8bMpGx8CxTSxrU7TrbkS1nRxkFnTLtNrmRRPILkdhngEpwnF-VQSDwrlRa0flAecmmoTWG803CeSJ9jD1av_y3UVU3UTmlKszC315TLT2XcPrqawrok5Bq-1501725581814%7D HTTP/1.1" 200 None
Thu, 03 Aug 2017 10:10:53 Public_code.py[line:65] INFO the status_code is 200 
Thu, 03 Aug 2017 10:10:53 Public_code.py[line:62] INFO there remains 2 times to send requests 
Thu, 03 Aug 2017 10:10:53 connectionpool.py[line:212] DEBUG Starting new HTTP connection (1): www.gsxt.gov.cn
Thu, 03 Aug 2017 10:10:55 connectionpool.py[line:400] DEBUG http://www.gsxt.gov.cn:80 "GET /%7BEpnmMef0Lm8bMpGx8CxTSxrU7TrbkS1nRxkFnTLtNrmRRPILkdhngEpwnF-VQSDwrlRa0flAecmmoTWG803CeSJ9jD1av_y3UVU3UTmlKszC315TLT2XcPrqawrok5Bq-1501725581814%7D HTTP/1.1" 200 None
Thu, 03 Aug 2017 10:10:55 Public_code.py[line:65] INFO the status_code is 200 
Thu, 03 Aug 2017 10:10:55 Public_code.py[line:108] INFO share: 48
Thu, 03 Aug 2017 10:10:55 Public_code.py[line:62] INFO there remains 2 times to send requests 
Thu, 03 Aug 2017 10:10:55 connectionpool.py[line:212] DEBUG Starting new HTTP connection (1): www.gsxt.gov.cn
Thu, 03 Aug 2017 10:10:56 connectionpool.py[line:400] DEBUG http://www.gsxt.gov.cn:80 "GET /corp-query-entprise-info-shareholderDetail-PROVINCENODENUM37000011C8110392F10142E0530A30.html HTTP/1.1" 200 None
Thu, 03 Aug 2017 10:10:56 Public_code.py[line:65] INFO the status_code is 200 
Thu, 03 Aug 2017 10:11:01 Public_code.py[line:28] INFO connect is success!
Thu, 03 Aug 2017 10:11:01 Image.py[line:397] DEBUG Importing BmpImagePlugin
Thu, 03 Aug 2017 10:11:01 Image.py[line:397] DEBUG Importing BufrStubImagePlugin
Thu, 03 Aug 2017 10:11:01 Image.py[line:397] DEBUG Importing CurImagePlugin
Thu, 03 Aug 2017 10:11:01 Image.py[line:397] DEBUG Importing DcxImagePlugin
Thu, 03 Aug 2017 10:11:01 Image.py[line:397] DEBUG Importing DdsImagePlugin
Thu, 03 Aug 2017 10:11:01 Image.py[line:397] DEBUG Importing EpsImagePlugin
Thu, 03 Aug 2017 10:11:01 Image.py[line:397] DEBUG Importing FitsStubImagePlugin
Thu, 03 Aug 2017 10:11:01 Image.py[line:397] DEBUG Importing FliImagePlugin
Thu, 03 Aug 2017 10:11:01 Image.py[line:397] DEBUG Importing FpxImagePlugin
Thu, 03 Aug 2017 10:11:01 Image.py[line:397] DEBUG Importing FtexImagePlugin
Thu, 03 Aug 2017 10:11:01 Image.py[line:397] DEBUG Importing GbrImagePlugin
Thu, 03 Aug 2017 10:11:01 Image.py[line:397] DEBUG Importing GifImagePlugin
Thu, 03 Aug 2017 10:11:01 Image.py[line:397] DEBUG Importing GribStubImagePlugin
Thu, 03 Aug 2017 10:11:01 Image.py[line:397] DEBUG Importing Hdf5StubImagePlugin
Thu, 03 Aug 2017 10:11:01 Image.py[line:397] DEBUG Importing IcnsImagePlugin
Thu, 03 Aug 2017 10:11:01 Image.py[line:397] DEBUG Importing IcoImagePlugin
Thu, 03 Aug 2017 10:11:01 Image.py[line:397] DEBUG Importing ImImagePlugin
Thu, 03 Aug 2017 10:11:01 Image.py[line:397] DEBUG Importing ImtImagePlugin
Thu, 03 Aug 2017 10:11:01 Image.py[line:397] DEBUG Importing IptcImagePlugin
Thu, 03 Aug 2017 10:11:01 Image.py[line:397] DEBUG Importing JpegImagePlugin
Thu, 03 Aug 2017 10:11:01 Image.py[line:397] DEBUG Importing Jpeg2KImagePlugin
Thu, 03 Aug 2017 10:11:01 Image.py[line:397] DEBUG Importing McIdasImagePlugin
Thu, 03 Aug 2017 10:11:01 Image.py[line:397] DEBUG Importing MicImagePlugin
Thu, 03 Aug 2017 10:11:01 Image.py[line:397] DEBUG Importing MpegImagePlugin
Thu, 03 Aug 2017 10:11:01 Image.py[line:397] DEBUG Importing MpoImagePlugin
Thu, 03 Aug 2017 10:11:01 Image.py[line:397] DEBUG Importing MspImagePlugin
Thu, 03 Aug 2017 10:11:01 Image.py[line:397] DEBUG Importing PalmImagePlugin
Thu, 03 Aug 2017 10:11:01 Image.py[line:397] DEBUG Importing PcdImagePlugin
Thu, 03 Aug 2017 10:11:01 Image.py[line:397] DEBUG Importing PcxImagePlugin
Thu, 03 Aug 2017 10:11:01 Image.py[line:397] DEBUG Importing PdfImagePlugin
Thu, 03 Aug 2017 10:11:01 Image.py[line:397] DEBUG Importing PixarImagePlugin
Thu, 03 Aug 2017 10:11:01 Image.py[line:397] DEBUG Importing PngImagePlugin
Thu, 03 Aug 2017 10:11:01 Image.py[line:397] DEBUG Importing PpmImagePlugin
Thu, 03 Aug 2017 10:11:01 Image.py[line:397] DEBUG Importing PsdImagePlugin
Thu, 03 Aug 2017 10:11:01 Image.py[line:397] DEBUG Importing SgiImagePlugin
Thu, 03 Aug 2017 10:11:01 Image.py[line:397] DEBUG Importing SpiderImagePlugin
Thu, 03 Aug 2017 10:11:01 Image.py[line:397] DEBUG Importing SunImagePlugin
Thu, 03 Aug 2017 10:11:01 Image.py[line:397] DEBUG Importing TgaImagePlugin
Thu, 03 Aug 2017 10:11:01 Image.py[line:397] DEBUG Importing TiffImagePlugin
Thu, 03 Aug 2017 10:11:01 Image.py[line:397] DEBUG Importing WebPImagePlugin
Thu, 03 Aug 2017 10:11:01 Image.py[line:397] DEBUG Importing WmfImagePlugin
Thu, 03 Aug 2017 10:11:01 Image.py[line:397] DEBUG Importing XbmImagePlugin
Thu, 03 Aug 2017 10:11:01 Image.py[line:397] DEBUG Importing XpmImagePlugin
Thu, 03 Aug 2017 10:11:01 Image.py[line:397] DEBUG Importing XVThumbImagePlugin
Thu, 03 Aug 2017 10:11:25 Public_code.py[line:62] INFO there remains 2 times to send requests 
Thu, 03 Aug 2017 10:11:25 connectionpool.py[line:212] DEBUG Starting new HTTP connection (1): www.gsxt.gov.cn
Thu, 03 Aug 2017 10:11:25 connectionpool.py[line:400] DEBUG http://www.gsxt.gov.cn:80 "GET /%7BEpnmMef0Lm8bMpGx8CxTSxrU7TrbkS1nRxkFnTLtNrmRRPILkdhngEpwnF-VQSDwrlRa0flAecmmoTWG803CeSJ9jD1av_y3UVU3UTmlKszC315TLT2XcPrqawrok5Bq-1501725581814%7D HTTP/1.1" 200 None
Thu, 03 Aug 2017 10:11:25 Public_code.py[line:65] INFO the status_code is 200 
Thu, 03 Aug 2017 10:11:33 Public_code.py[line:62] INFO there remains 2 times to send requests 
Thu, 03 Aug 2017 10:11:33 connectionpool.py[line:212] DEBUG Starting new HTTP connection (1): www.gsxt.gov.cn
Thu, 03 Aug 2017 10:11:33 connectionpool.py[line:400] DEBUG http://www.gsxt.gov.cn:80 "GET /%7BEpnmMef0Lm8bMpGx8CxTSxrU7TrbkS1nRxkFnTLtNrmRRPILkdhngEpwnF-VQSDwrlRa0flAecmmoTWG803CeSJ9jD1av_y3UVU3UTmlKszC315TLT2XcPrqawrok5Bq-1501725581814%7D HTTP/1.1" 200 None
Thu, 03 Aug 2017 10:11:33 Public_code.py[line:65] INFO the status_code is 200 
Thu, 03 Aug 2017 10:11:36 Public_code.py[line:108] INFO share: 48
Thu, 03 Aug 2017 10:12:21 Public_code.py[line:62] INFO there remains 2 times to send requests 
Thu, 03 Aug 2017 10:12:21 connectionpool.py[line:212] DEBUG Starting new HTTP connection (1): www.gsxt.gov.cn
Thu, 03 Aug 2017 10:12:21 connectionpool.py[line:400] DEBUG http://www.gsxt.gov.cn:80 "GET /corp-query-entprise-info-shareholderDetail-PROVINCENODENUM37000011C8110392F10142E0530A30.html HTTP/1.1" 200 None
Thu, 03 Aug 2017 10:12:21 Public_code.py[line:65] INFO the status_code is 200 
Thu, 03 Aug 2017 10:13:35 Public_code.py[line:28] INFO connect is success!
Thu, 03 Aug 2017 10:13:35 Public_code.py[line:62] INFO there remains 2 times to send requests 
Thu, 03 Aug 2017 10:13:35 connectionpool.py[line:212] DEBUG Starting new HTTP connection (1): www.gsxt.gov.cn
Thu, 03 Aug 2017 10:13:35 connectionpool.py[line:400] DEBUG http://www.gsxt.gov.cn:80 "GET /%7BEpnmMef0Lm8bMpGx8CxTSxrU7TrbkS1nRxkFnTLtNrmRRPILkdhngEpwnF-VQSDwrlRa0flAecmmoTWG803CeSJ9jD1av_y3UVU3UTmlKszC315TLT2XcPrqawrok5Bq-1501725581814%7D HTTP/1.1" 200 None
Thu, 03 Aug 2017 10:13:35 Public_code.py[line:65] INFO the status_code is 200 
Thu, 03 Aug 2017 10:13:35 Public_code.py[line:62] INFO there remains 2 times to send requests 
Thu, 03 Aug 2017 10:13:35 connectionpool.py[line:212] DEBUG Starting new HTTP connection (1): www.gsxt.gov.cn
Thu, 03 Aug 2017 10:13:35 connectionpool.py[line:400] DEBUG http://www.gsxt.gov.cn:80 "GET /%7BEpnmMef0Lm8bMpGx8CxTSxrU7TrbkS1nRxkFnTLtNrmRRPILkdhngEpwnF-VQSDwrlRa0flAecmmoTWG803CeSJ9jD1av_y3UVU3UTmlKszC315TLT2XcPrqawrok5Bq-1501725581814%7D HTTP/1.1" 200 None
Thu, 03 Aug 2017 10:13:35 Public_code.py[line:65] INFO the status_code is 200 
Thu, 03 Aug 2017 10:13:35 Public_code.py[line:108] INFO share: 48
Thu, 03 Aug 2017 10:13:35 Public_code.py[line:62] INFO there remains 2 times to send requests 
Thu, 03 Aug 2017 10:13:35 connectionpool.py[line:212] DEBUG Starting new HTTP connection (1): www.gsxt.gov.cn
Thu, 03 Aug 2017 10:13:35 connectionpool.py[line:400] DEBUG http://www.gsxt.gov.cn:80 "GET /corp-query-entprise-info-shareholderDetail-PROVINCENODENUM37000011C8110392F10142E0530A30.html HTTP/1.1" 200 None
Thu, 03 Aug 2017 10:13:35 Public_code.py[line:65] INFO the status_code is 200 
Thu, 03 Aug 2017 10:18:41 Public_code.py[line:28] INFO connect is success!
Thu, 03 Aug 2017 10:18:41 Public_code.py[line:62] INFO there remains 2 times to send requests 
Thu, 03 Aug 2017 10:18:41 connectionpool.py[line:212] DEBUG Starting new HTTP connection (1): www.gsxt.gov.cn
Thu, 03 Aug 2017 10:18:41 connectionpool.py[line:400] DEBUG http://www.gsxt.gov.cn:80 "GET /%7BEpnmMef0Lm8bMpGx8CxTSxrU7TrbkS1nRxkFnTLtNrmRRPILkdhngEpwnF-VQSDwrlRa0flAecmmoTWG803CeSJ9jD1av_y3UVU3UTmlKszC315TLT2XcPrqawrok5Bq-1501725581814%7D HTTP/1.1" 200 None
Thu, 03 Aug 2017 10:18:41 Public_code.py[line:65] INFO the status_code is 200 
Thu, 03 Aug 2017 10:18:41 Public_code.py[line:62] INFO there remains 2 times to send requests 
Thu, 03 Aug 2017 10:18:41 connectionpool.py[line:212] DEBUG Starting new HTTP connection (1): www.gsxt.gov.cn
Thu, 03 Aug 2017 10:18:41 connectionpool.py[line:400] DEBUG http://www.gsxt.gov.cn:80 "GET /%7BEpnmMef0Lm8bMpGx8CxTSxrU7TrbkS1nRxkFnTLtNrmRRPILkdhngEpwnF-VQSDwrlRa0flAecmmoTWG803CeSJ9jD1av_y3UVU3UTmlKszC315TLT2XcPrqawrok5Bq-1501725581814%7D HTTP/1.1" 200 None
Thu, 03 Aug 2017 10:18:41 Public_code.py[line:65] INFO the status_code is 200 
Thu, 03 Aug 2017 10:18:41 Public_code.py[line:108] INFO share: 48
Thu, 03 Aug 2017 10:18:41 Public_code.py[line:62] INFO there remains 2 times to send requests 
Thu, 03 Aug 2017 10:18:41 connectionpool.py[line:212] DEBUG Starting new HTTP connection (1): www.gsxt.gov.cn
Thu, 03 Aug 2017 10:18:41 connectionpool.py[line:400] DEBUG http://www.gsxt.gov.cn:80 "GET /corp-query-entprise-info-shareholderDetail-PROVINCENODENUM37000011C8110392F10142E0530A30.html HTTP/1.1" 200 None
Thu, 03 Aug 2017 10:18:41 Public_code.py[line:65] INFO the status_code is 200 
Thu, 03 Aug 2017 10:18:41 Public_code.py[line:62] INFO there remains 2 times to send requests 
Thu, 03 Aug 2017 10:18:41 connectionpool.py[line:212] DEBUG Starting new HTTP connection (1): www.gsxt.gov.cn
Thu, 03 Aug 2017 10:18:41 connectionpool.py[line:400] DEBUG http://www.gsxt.gov.cn:80 "GET /corp-query-entprise-info-shareholderDetail-PROVINCENODENUM37000011C8110392F20142E0530A30.html HTTP/1.1" 200 None
Thu, 03 Aug 2017 10:18:41 Public_code.py[line:65] INFO the status_code is 200 
Thu, 03 Aug 2017 10:18:41 Public_code.py[line:62] INFO there remains 2 times to send requests 
Thu, 03 Aug 2017 10:18:41 connectionpool.py[line:212] DEBUG Starting new HTTP connection (1): www.gsxt.gov.cn
Thu, 03 Aug 2017 10:18:41 connectionpool.py[line:400] DEBUG http://www.gsxt.gov.cn:80 "GET /corp-query-entprise-info-shareholderDetail-PROVINCENODENUM37000011C8110392F30142E0530A30.html HTTP/1.1" 200 None
Thu, 03 Aug 2017 10:18:41 Public_code.py[line:65] INFO the status_code is 200 
Thu, 03 Aug 2017 10:18:41 Public_code.py[line:62] INFO there remains 2 times to send requests 
Thu, 03 Aug 2017 10:18:41 connectionpool.py[line:212] DEBUG Starting new HTTP connection (1): www.gsxt.gov.cn
Thu, 03 Aug 2017 10:18:42 connectionpool.py[line:400] DEBUG http://www.gsxt.gov.cn:80 "GET /corp-query-entprise-info-shareholderDetail-PROVINCENODENUM37000011C8110392F40142E0530A30.html HTTP/1.1" 200 None
Thu, 03 Aug 2017 10:18:42 Public_code.py[line:65] INFO the status_code is 200 
Thu, 03 Aug 2017 10:18:42 Public_code.py[line:62] INFO there remains 2 times to send requests 
Thu, 03 Aug 2017 10:18:42 connectionpool.py[line:212] DEBUG Starting new HTTP connection (1): www.gsxt.gov.cn
Thu, 03 Aug 2017 10:18:42 connectionpool.py[line:400] DEBUG http://www.gsxt.gov.cn:80 "GET /corp-query-entprise-info-shareholderDetail-PROVINCENODENUM37000011C8110392F50142E0530A30.html HTTP/1.1" 200 None
Thu, 03 Aug 2017 10:18:42 Public_code.py[line:65] INFO the status_code is 200 
