Sun, 30 Jul 2017 18:49:02 connectionpool.py[line:212] DEBUG Starting new HTTP connection (1): www.gsxt.gov.cn
Sun, 30 Jul 2017 18:49:02 connectionpool.py[line:400] DEBUG http://www.gsxt.gov.cn:80 "GET /index.html HTTP/1.1" 200 None
Sun, 30 Jul 2017 18:49:02 connectionpool.py[line:212] DEBUG Starting new HTTP connection (1): 59.110.138.116
Sun, 30 Jul 2017 18:49:09 connectionpool.py[line:400] DEBUG http://59.110.138.116:80 "GET /geetest/get?token=seo_test1&reg=http://www.gsxt.gov.cn/SearchItemCaptcha HTTP/1.1" 200 None
Sun, 30 Jul 2017 18:49:09 connectionpool.py[line:400] DEBUG http://www.gsxt.gov.cn:80 "POST /corp-query-search-1.html HTTP/1.1" 200 None
Sun, 30 Jul 2017 18:49:09 Public_code.py[line:28] INFO connect is success!
Sun, 30 Jul 2017 19:57:34 connectionpool.py[line:212] DEBUG Starting new HTTP connection (1): www.gsxt.gov.cn
Sun, 30 Jul 2017 19:57:34 connectionpool.py[line:400] DEBUG http://www.gsxt.gov.cn:80 "GET /index.html HTTP/1.1" 200 None
Sun, 30 Jul 2017 19:57:34 connectionpool.py[line:212] DEBUG Starting new HTTP connection (1): 59.110.138.116
Sun, 30 Jul 2017 19:57:37 connectionpool.py[line:400] DEBUG http://59.110.138.116:80 "GET /geetest/get?token=seo_test1&reg=http://www.gsxt.gov.cn/SearchItemCaptcha HTTP/1.1" 200 None
Sun, 30 Jul 2017 19:57:38 connectionpool.py[line:400] DEBUG http://www.gsxt.gov.cn:80 "POST /corp-query-search-1.html HTTP/1.1" 200 None
Sun, 30 Jul 2017 19:57:38 Public_code.py[line:28] INFO connect is success!
Sun, 30 Jul 2017 19:58:23 connectionpool.py[line:212] DEBUG Starting new HTTP connection (1): www.gsxt.gov.cn
Sun, 30 Jul 2017 19:58:23 connectionpool.py[line:400] DEBUG http://www.gsxt.gov.cn:80 "GET /index.html HTTP/1.1" 200 None
Sun, 30 Jul 2017 19:58:23 connectionpool.py[line:212] DEBUG Starting new HTTP connection (1): 59.110.138.116
Sun, 30 Jul 2017 19:58:28 connectionpool.py[line:400] DEBUG http://59.110.138.116:80 "GET /geetest/get?token=seo_test1&reg=http://www.gsxt.gov.cn/SearchItemCaptcha HTTP/1.1" 200 None
Sun, 30 Jul 2017 19:58:32 connectionpool.py[line:400] DEBUG http://www.gsxt.gov.cn:80 "POST /corp-query-search-1.html HTTP/1.1" 200 None
Sun, 30 Jul 2017 19:58:32 Public_code.py[line:28] INFO connect is success!
Sun, 30 Jul 2017 19:58:57 connectionpool.py[line:212] DEBUG Starting new HTTP connection (1): www.gsxt.gov.cn
Sun, 30 Jul 2017 19:58:57 connectionpool.py[line:400] DEBUG http://www.gsxt.gov.cn:80 "GET /index.html HTTP/1.1" 200 None
Sun, 30 Jul 2017 19:58:57 connectionpool.py[line:212] DEBUG Starting new HTTP connection (1): 59.110.138.116
Sun, 30 Jul 2017 19:59:00 connectionpool.py[line:400] DEBUG http://59.110.138.116:80 "GET /geetest/get?token=seo_test1&reg=http://www.gsxt.gov.cn/SearchItemCaptcha HTTP/1.1" 200 None
Sun, 30 Jul 2017 19:59:01 connectionpool.py[line:400] DEBUG http://www.gsxt.gov.cn:80 "POST /corp-query-search-1.html HTTP/1.1" 200 None
Sun, 30 Jul 2017 19:59:01 Public_code.py[line:28] INFO connect is success!
Sun, 30 Jul 2017 19:59:29 connectionpool.py[line:212] DEBUG Starting new HTTP connection (1): www.gsxt.gov.cn
Sun, 30 Jul 2017 19:59:29 connectionpool.py[line:400] DEBUG http://www.gsxt.gov.cn:80 "GET /index.html HTTP/1.1" 200 None
Sun, 30 Jul 2017 19:59:29 connectionpool.py[line:212] DEBUG Starting new HTTP connection (1): 59.110.138.116
Sun, 30 Jul 2017 19:59:33 connectionpool.py[line:400] DEBUG http://59.110.138.116:80 "GET /geetest/get?token=seo_test1&reg=http://www.gsxt.gov.cn/SearchItemCaptcha HTTP/1.1" 200 None
Sun, 30 Jul 2017 19:59:33 connectionpool.py[line:400] DEBUG http://www.gsxt.gov.cn:80 "POST /corp-query-search-1.html HTTP/1.1" 200 None
Sun, 30 Jul 2017 19:59:33 Public_code.py[line:28] INFO connect is success!
Sun, 30 Jul 2017 20:00:04 Public_code.py[line:28] INFO connect is success!
Sun, 30 Jul 2017 20:00:04 Public_code.py[line:62] INFO there remains 9 times to send requests 
Sun, 30 Jul 2017 20:00:04 connectionpool.py[line:212] DEBUG Starting new HTTP connection (1): www.gsxt.gov.cn
Sun, 30 Jul 2017 20:00:04 connectionpool.py[line:400] DEBUG http://www.gsxt.gov.cn:80 "GET /%7BQKFgdqM3nXB2bTm6L5_JcggcJWo8Aqb1-sWsgz3skBhp7iPjpaRrT_e7WKcJ4K128k3AbCtrEPlheZ-SNK1MFS_csOpqNfVdBMWAwb41BFwjxovdNv3dPzot-N_eT1wR-1500977229132%7D HTTP/1.1" 200 None
Sun, 30 Jul 2017 20:00:04 Public_code.py[line:65] INFO the status_code is 200 
Sun, 30 Jul 2017 20:00:04 QGGS_basic.pyx[line:124] INFO basic error 'NoneType' object has no attribute 'find_all'
Sun, 30 Jul 2017 20:00:04 QGGS_basic.pyx[line:95] INFO get url error 'NoneType' object has no attribute 'find'
Sun, 30 Jul 2017 20:00:14 Public_code.py[line:28] INFO connect is success!
Sun, 30 Jul 2017 20:00:14 Public_code.py[line:62] INFO there remains 9 times to send requests 
Sun, 30 Jul 2017 20:00:14 connectionpool.py[line:212] DEBUG Starting new HTTP connection (1): www.gsxt.gov.cn
Sun, 30 Jul 2017 20:00:14 connectionpool.py[line:400] DEBUG http://www.gsxt.gov.cn:80 "GET /%7BQKFgdqM3nXB2bTm6L5_JcggcJWo8Aqb1-sWsgz3skBhp7iPjpaRrT_e7WKcJ4K128k3AbCtrEPlheZ-SNK1MFS_csOpqNfVdBMWAwb41BFwjxovdNv3dPzot-N_eT1wR-1500977229132%7D HTTP/1.1" 200 None
Sun, 30 Jul 2017 20:00:14 Public_code.py[line:65] INFO the status_code is 200 
Sun, 30 Jul 2017 20:00:14 QGGS_basic.pyx[line:124] INFO basic error 'NoneType' object has no attribute 'find_all'
Sun, 30 Jul 2017 20:00:14 QGGS_basic.pyx[line:95] INFO get url error 'NoneType' object has no attribute 'find'
Sun, 30 Jul 2017 20:02:19 Public_code.py[line:28] INFO connect is success!
Sun, 30 Jul 2017 20:02:19 Public_code.py[line:62] INFO there remains 9 times to send requests 
Sun, 30 Jul 2017 20:02:19 connectionpool.py[line:212] DEBUG Starting new HTTP connection (1): www.gsxt.gov.cn
Sun, 30 Jul 2017 20:02:19 connectionpool.py[line:400] DEBUG http://www.gsxt.gov.cn:80 "GET /%7BER7rSKC6lLzNjOkJ5uzh652cKNpuEO8MLPidY_7rzTk0lDocFyAD_-7FKXGNB0dXFYILywb40koUUBN31O7FexeuzIukoOh5fhLi4rsJ7N71gbCPyoBNKuEqGfHkAStK-1501415630836%7D HTTP/1.1" 200 None
Sun, 30 Jul 2017 20:02:19 Public_code.py[line:65] INFO the status_code is 200 
Sun, 30 Jul 2017 20:02:19 QGGS_basic.pyx[line:261] INFO update basic :1
Sun, 30 Jul 2017 20:03:10 Public_code.py[line:28] INFO connect is success!
Sun, 30 Jul 2017 20:03:10 Public_code.py[line:62] INFO there remains 9 times to send requests 
Sun, 30 Jul 2017 20:03:10 connectionpool.py[line:212] DEBUG Starting new HTTP connection (1): www.gsxt.gov.cn
Sun, 30 Jul 2017 20:03:10 connectionpool.py[line:400] DEBUG http://www.gsxt.gov.cn:80 "GET /%7BER7rSKC6lLzNjOkJ5uzh652cKNpuEO8MLPidY_7rzTk0lDocFyAD_-7FKXGNB0dXFYILywb40koUUBN31O7FexeuzIukoOh5fhLi4rsJ7N71gbCPyoBNKuEqGfHkAStK-1501415630836%7D HTTP/1.1" 200 None
Sun, 30 Jul 2017 20:03:10 Public_code.py[line:65] INFO the status_code is 200 
Sun, 30 Jul 2017 20:03:11 QGGS_basic.pyx[line:261] INFO update basic :1
Sun, 30 Jul 2017 20:03:37 connectionpool.py[line:212] DEBUG Starting new HTTP connection (1): www.gsxt.gov.cn
Sun, 30 Jul 2017 20:03:37 connectionpool.py[line:400] DEBUG http://www.gsxt.gov.cn:80 "GET /index.html HTTP/1.1" 200 None
Sun, 30 Jul 2017 20:03:37 connectionpool.py[line:212] DEBUG Starting new HTTP connection (1): 59.110.138.116
Sun, 30 Jul 2017 20:03:55 Public_code.py[line:28] INFO connect is success!
Sun, 30 Jul 2017 20:03:55 Public_code.py[line:62] INFO there remains 9 times to send requests 
Sun, 30 Jul 2017 20:03:55 connectionpool.py[line:212] DEBUG Starting new HTTP connection (1): www.gsxt.gov.cn
Sun, 30 Jul 2017 20:03:55 connectionpool.py[line:400] DEBUG http://www.gsxt.gov.cn:80 "GET /%7BER7rSKC6lLzNjOkJ5uzh652cKNpuEO8MLPidY_7rzTk0lDocFyAD_-7FKXGNB0dXFYILywb40koUUBN31O7FexeuzIukoOh5fhLi4rsJ7N71gbCPyoBNKuEqGfHkAStK-1501415630836%7D HTTP/1.1" 200 None
Sun, 30 Jul 2017 20:03:55 Public_code.py[line:65] INFO the status_code is 200 
Sun, 30 Jul 2017 20:03:56 QGGS_basic.pyx[line:261] INFO update basic :1
Sun, 30 Jul 2017 20:04:22 Public_code.py[line:28] INFO connect is success!
Sun, 30 Jul 2017 20:04:22 Public_code.py[line:62] INFO there remains 9 times to send requests 
Sun, 30 Jul 2017 20:04:22 connectionpool.py[line:212] DEBUG Starting new HTTP connection (1): www.gsxt.gov.cn
Sun, 30 Jul 2017 20:04:22 connectionpool.py[line:400] DEBUG http://www.gsxt.gov.cn:80 "GET /%7BER7rSKC6lLzNjOkJ5uzh652cKNpuEO8MLPidY_7rzTk0lDocFyAD_-7FKXGNB0dXFYILywb40koUUBN31O7FexeuzIukoOh5fhLi4rsJ7N71gbCPyoBNKuEqGfHkAStK-1501415630836%7D HTTP/1.1" 200 None
Sun, 30 Jul 2017 20:04:22 Public_code.py[line:65] INFO the status_code is 200 
Sun, 30 Jul 2017 20:04:23 QGGS_basic.py[line:261] INFO update basic :1
Sun, 30 Jul 2017 20:04:31 Public_code.py[line:28] INFO connect is success!
Sun, 30 Jul 2017 20:04:31 Public_code.py[line:62] INFO there remains 9 times to send requests 
Sun, 30 Jul 2017 20:04:31 connectionpool.py[line:212] DEBUG Starting new HTTP connection (1): www.gsxt.gov.cn
Sun, 30 Jul 2017 20:04:32 connectionpool.py[line:400] DEBUG http://www.gsxt.gov.cn:80 "GET /%7BER7rSKC6lLzNjOkJ5uzh652cKNpuEO8MLPidY_7rzTk0lDocFyAD_-7FKXGNB0dXFYILywb40koUUBN31O7FexeuzIukoOh5fhLi4rsJ7N71gbCPyoBNKuEqGfHkAStK-1501415630836%7D HTTP/1.1" 200 None
Sun, 30 Jul 2017 20:04:32 Public_code.py[line:65] INFO the status_code is 200 
Sun, 30 Jul 2017 20:04:32 QGGS_basic.py[line:261] INFO update basic :1
Sun, 30 Jul 2017 20:04:38 Public_code.py[line:28] INFO connect is success!
Sun, 30 Jul 2017 20:04:38 Public_code.py[line:62] INFO there remains 9 times to send requests 
Sun, 30 Jul 2017 20:04:38 connectionpool.py[line:212] DEBUG Starting new HTTP connection (1): www.gsxt.gov.cn
Sun, 30 Jul 2017 20:04:38 connectionpool.py[line:400] DEBUG http://www.gsxt.gov.cn:80 "GET /%7BER7rSKC6lLzNjOkJ5uzh652cKNpuEO8MLPidY_7rzTk0lDocFyAD_-7FKXGNB0dXFYILywb40koUUBN31O7FexeuzIukoOh5fhLi4rsJ7N71gbCPyoBNKuEqGfHkAStK-1501415630836%7D HTTP/1.1" 200 None
Sun, 30 Jul 2017 20:04:38 Public_code.py[line:65] INFO the status_code is 200 
Sun, 30 Jul 2017 20:04:39 QGGS_basic.py[line:261] INFO update basic :1
Sun, 30 Jul 2017 20:06:59 Public_code.py[line:28] INFO connect is success!
Sun, 30 Jul 2017 20:06:59 Public_code.py[line:62] INFO there remains 9 times to send requests 
Sun, 30 Jul 2017 20:06:59 connectionpool.py[line:212] DEBUG Starting new HTTP connection (1): www.gsxt.gov.cn
Sun, 30 Jul 2017 20:07:04 Public_code.py[line:69] ERROR HTTPConnectionPool(host='www.gsxt.gov.cn', port=80): Read timed out. (read timeout=5)
Sun, 30 Jul 2017 20:07:04 Public_code.py[line:62] INFO there remains 8 times to send requests 
Sun, 30 Jul 2017 20:07:04 connectionpool.py[line:212] DEBUG Starting new HTTP connection (1): www.gsxt.gov.cn
Sun, 30 Jul 2017 20:07:09 Public_code.py[line:69] ERROR HTTPConnectionPool(host='www.gsxt.gov.cn', port=80): Max retries exceeded with url: /%7BER7rSKC6lLzNjOkJ5uzh652cKNpuEO8MLPidY_7rzTk0lDocFyAD_-7FKXGNB0dXFYILywb40koUUBN31O7FexeuzIukoOh5fhLi4rsJ7N71gbCPyoBNKuEqGfHkAStK-1501415630836%7D (Caused by ConnectTimeoutError(<requests.packages.urllib3.connection.HTTPConnection object at 0x0000000004010BE0>, 'Connection to www.gsxt.gov.cn timed out. (connect timeout=5)'))
Sun, 30 Jul 2017 20:07:09 Public_code.py[line:62] INFO there remains 7 times to send requests 
Sun, 30 Jul 2017 20:07:09 connectionpool.py[line:212] DEBUG Starting new HTTP connection (1): www.gsxt.gov.cn
Sun, 30 Jul 2017 20:07:20 Public_code.py[line:69] ERROR HTTPConnectionPool(host='www.gsxt.gov.cn', port=80): Max retries exceeded with url: /%7BER7rSKC6lLzNjOkJ5uzh652cKNpuEO8MLPidY_7rzTk0lDocFyAD_-7FKXGNB0dXFYILywb40koUUBN31O7FexeuzIukoOh5fhLi4rsJ7N71gbCPyoBNKuEqGfHkAStK-1501415630836%7D (Caused by NewConnectionError('<requests.packages.urllib3.connection.HTTPConnection object at 0x00000000041662E8>: Failed to establish a new connection: [Errno 11001] getaddrinfo failed',))
Sun, 30 Jul 2017 20:07:20 Public_code.py[line:62] INFO there remains 6 times to send requests 
Sun, 30 Jul 2017 20:07:20 connectionpool.py[line:212] DEBUG Starting new HTTP connection (1): www.gsxt.gov.cn
Sun, 30 Jul 2017 20:07:24 connectionpool.py[line:400] DEBUG http://www.gsxt.gov.cn:80 "GET /%7BER7rSKC6lLzNjOkJ5uzh652cKNpuEO8MLPidY_7rzTk0lDocFyAD_-7FKXGNB0dXFYILywb40koUUBN31O7FexeuzIukoOh5fhLi4rsJ7N71gbCPyoBNKuEqGfHkAStK-1501415630836%7D HTTP/1.1" 200 None
Sun, 30 Jul 2017 20:07:29 Public_code.py[line:69] ERROR HTTPConnectionPool(host='www.gsxt.gov.cn', port=80): Read timed out.
Sun, 30 Jul 2017 20:07:29 Public_code.py[line:62] INFO there remains 5 times to send requests 
Sun, 30 Jul 2017 20:07:29 connectionpool.py[line:212] DEBUG Starting new HTTP connection (1): www.gsxt.gov.cn
Sun, 30 Jul 2017 20:07:34 Public_code.py[line:69] ERROR HTTPConnectionPool(host='www.gsxt.gov.cn', port=80): Max retries exceeded with url: /%7BER7rSKC6lLzNjOkJ5uzh652cKNpuEO8MLPidY_7rzTk0lDocFyAD_-7FKXGNB0dXFYILywb40koUUBN31O7FexeuzIukoOh5fhLi4rsJ7N71gbCPyoBNKuEqGfHkAStK-1501415630836%7D (Caused by ConnectTimeoutError(<requests.packages.urllib3.connection.HTTPConnection object at 0x0000000004177748>, 'Connection to www.gsxt.gov.cn timed out. (connect timeout=5)'))
Sun, 30 Jul 2017 20:07:34 Public_code.py[line:62] INFO there remains 4 times to send requests 
Sun, 30 Jul 2017 20:07:34 connectionpool.py[line:212] DEBUG Starting new HTTP connection (1): www.gsxt.gov.cn
Sun, 30 Jul 2017 20:07:39 Public_code.py[line:69] ERROR HTTPConnectionPool(host='www.gsxt.gov.cn', port=80): Max retries exceeded with url: /%7BER7rSKC6lLzNjOkJ5uzh652cKNpuEO8MLPidY_7rzTk0lDocFyAD_-7FKXGNB0dXFYILywb40koUUBN31O7FexeuzIukoOh5fhLi4rsJ7N71gbCPyoBNKuEqGfHkAStK-1501415630836%7D (Caused by ConnectTimeoutError(<requests.packages.urllib3.connection.HTTPConnection object at 0x0000000004177E10>, 'Connection to www.gsxt.gov.cn timed out. (connect timeout=5)'))
Sun, 30 Jul 2017 20:07:40 Public_code.py[line:62] INFO there remains 3 times to send requests 
Sun, 30 Jul 2017 20:07:40 connectionpool.py[line:212] DEBUG Starting new HTTP connection (1): www.gsxt.gov.cn
Sun, 30 Jul 2017 20:07:46 connectionpool.py[line:400] DEBUG http://www.gsxt.gov.cn:80 "GET /%7BER7rSKC6lLzNjOkJ5uzh652cKNpuEO8MLPidY_7rzTk0lDocFyAD_-7FKXGNB0dXFYILywb40koUUBN31O7FexeuzIukoOh5fhLi4rsJ7N71gbCPyoBNKuEqGfHkAStK-1501415630836%7D HTTP/1.1" 200 None
Sun, 30 Jul 2017 20:07:47 Public_code.py[line:65] INFO the status_code is 200 
Sun, 30 Jul 2017 20:07:47 QGGS_basic.pyx[line:261] INFO update basic :1
Sun, 30 Jul 2017 20:07:51 Public_code.py[line:28] INFO connect is success!
Sun, 30 Jul 2017 20:07:51 Public_code.py[line:62] INFO there remains 9 times to send requests 
Sun, 30 Jul 2017 20:07:51 connectionpool.py[line:212] DEBUG Starting new HTTP connection (1): www.gsxt.gov.cn
Sun, 30 Jul 2017 20:07:53 connectionpool.py[line:400] DEBUG http://www.gsxt.gov.cn:80 "GET /%7BER7rSKC6lLzNjOkJ5uzh652cKNpuEO8MLPidY_7rzTk0lDocFyAD_-7FKXGNB0dXFYILywb40koUUBN31O7FexeuzIukoOh5fhLi4rsJ7N71gbCPyoBNKuEqGfHkAStK-1501415630836%7D HTTP/1.1" 200 None
Sun, 30 Jul 2017 20:07:53 Public_code.py[line:65] INFO the status_code is 200 
Sun, 30 Jul 2017 20:07:53 QGGS_basic.pyx[line:261] INFO update basic :1
Sun, 30 Jul 2017 20:08:00 Public_code.py[line:28] INFO connect is success!
Sun, 30 Jul 2017 20:08:00 Public_code.py[line:62] INFO there remains 9 times to send requests 
Sun, 30 Jul 2017 20:08:00 connectionpool.py[line:212] DEBUG Starting new HTTP connection (1): www.gsxt.gov.cn
Sun, 30 Jul 2017 20:08:01 connectionpool.py[line:400] DEBUG http://www.gsxt.gov.cn:80 "GET /%7BER7rSKC6lLzNjOkJ5uzh652cKNpuEO8MLPidY_7rzTk0lDocFyAD_-7FKXGNB0dXFYILywb40koUUBN31O7FexeuzIukoOh5fhLi4rsJ7N71gbCPyoBNKuEqGfHkAStK-1501415630836%7D HTTP/1.1" 200 None
Sun, 30 Jul 2017 20:08:06 Public_code.py[line:69] ERROR HTTPConnectionPool(host='www.gsxt.gov.cn', port=80): Read timed out.
Sun, 30 Jul 2017 20:08:07 Public_code.py[line:62] INFO there remains 8 times to send requests 
Sun, 30 Jul 2017 20:08:07 connectionpool.py[line:212] DEBUG Starting new HTTP connection (1): www.gsxt.gov.cn
Sun, 30 Jul 2017 20:08:08 connectionpool.py[line:400] DEBUG http://www.gsxt.gov.cn:80 "GET /%7BER7rSKC6lLzNjOkJ5uzh652cKNpuEO8MLPidY_7rzTk0lDocFyAD_-7FKXGNB0dXFYILywb40koUUBN31O7FexeuzIukoOh5fhLi4rsJ7N71gbCPyoBNKuEqGfHkAStK-1501415630836%7D HTTP/1.1" 200 None
Sun, 30 Jul 2017 20:08:10 Public_code.py[line:65] INFO the status_code is 200 
Sun, 30 Jul 2017 20:08:10 QGGS_basic.pyx[line:261] INFO update basic :1
