Thu, 24 Aug 2017 14:01:52 Public_code.py[line:24] INFO connect is success!
Thu, 24 Aug 2017 14:01:52 App_basic.py[line:103] INFO update basic:1
Thu, 24 Aug 2017 14:01:52 Public_code.py[line:24] INFO connect is success!
Thu, 24 Aug 2017 14:01:52 App_change.py[line:50] INFO change total:0
Thu, 24 Aug 2017 14:01:52 App_change.py[line:83] INFO execute change:0
Thu, 24 Aug 2017 14:02:56 Public_code.py[line:24] INFO connect is success!
Thu, 24 Aug 2017 14:02:56 App_basic.py[line:103] INFO update basic:1
Thu, 24 Aug 2017 14:02:56 Public_code.py[line:24] INFO connect is success!
Thu, 24 Aug 2017 14:02:56 App_change.py[line:50] INFO change total:0
Thu, 24 Aug 2017 14:02:56 App_change.py[line:83] INFO execute change:0
Thu, 24 Aug 2017 14:02:56 Public_code.py[line:24] INFO connect is success!
Thu, 24 Aug 2017 14:02:56 App_person.py[line:34] INFO person total:2
Thu, 24 Aug 2017 14:02:57 App_person.py[line:56] INFO execute person:2
Thu, 24 Aug 2017 14:02:57 Public_code.py[line:24] INFO connect is success!
Thu, 24 Aug 2017 14:02:57 App_shareholder.py[line:78] INFO share total:2
Thu, 24 Aug 2017 14:02:57 App_shareholder.py[line:98] INFO execute share:2
Thu, 24 Aug 2017 14:14:30 Public_code.py[line:24] INFO connect is success!
Thu, 24 Aug 2017 14:16:54 Public_code.py[line:24] INFO connect is success!
Thu, 24 Aug 2017 14:16:54 App_basic.py[line:103] INFO update basic:1
Thu, 24 Aug 2017 14:16:54 Public_code.py[line:24] INFO connect is success!
Thu, 24 Aug 2017 14:16:54 App_change.py[line:50] INFO change total:0
Thu, 24 Aug 2017 14:16:54 App_change.py[line:83] INFO execute change:0
Thu, 24 Aug 2017 14:16:54 Public_code.py[line:24] INFO connect is success!
Thu, 24 Aug 2017 14:16:54 App_person.py[line:34] INFO person total:2
Thu, 24 Aug 2017 14:16:54 App_person.py[line:56] INFO execute person:0
Thu, 24 Aug 2017 14:16:54 Public_code.py[line:24] INFO connect is success!
Thu, 24 Aug 2017 14:16:54 App_shareholder.py[line:78] INFO share total:2
Thu, 24 Aug 2017 14:16:54 App_shareholder.py[line:98] INFO execute share:0
Thu, 24 Aug 2017 18:59:33 Public_code.py[line:24] INFO connect is success!
Thu, 24 Aug 2017 18:59:34 App_basic.py[line:103] INFO update basic:1
Thu, 24 Aug 2017 19:00:13 Public_code.py[line:24] INFO connect is success!
Thu, 24 Aug 2017 19:00:13 App_basic.py[line:103] INFO update basic:1
Thu, 24 Aug 2017 19:00:13 Public_code.py[line:24] INFO connect is success!
Thu, 24 Aug 2017 19:00:13 App_branch.py[line:51] INFO branch total:0
Thu, 24 Aug 2017 19:00:13 App_branch.py[line:70] INFO execute branch 0
Thu, 24 Aug 2017 19:00:27 Public_code.py[line:24] INFO connect is success!
Thu, 24 Aug 2017 19:00:27 App_basic.py[line:103] INFO update basic:1
Thu, 24 Aug 2017 19:00:27 Public_code.py[line:24] INFO connect is success!
Thu, 24 Aug 2017 19:00:27 App_branch.py[line:51] INFO branch total:0
Thu, 24 Aug 2017 19:00:27 App_branch.py[line:70] INFO execute branch 0
Thu, 24 Aug 2017 19:00:27 Public_code.py[line:24] INFO connect is success!
Thu, 24 Aug 2017 19:00:27 App_black.py[line:58] INFO black total:0
Thu, 24 Aug 2017 19:00:27 App_black.py[line:84] INFO execute black :0
Thu, 24 Aug 2017 19:01:00 Public_code.py[line:24] INFO connect is success!
Thu, 24 Aug 2017 19:01:00 App_basic.py[line:103] INFO update basic:1
Thu, 24 Aug 2017 19:01:00 Public_code.py[line:24] INFO connect is success!
Thu, 24 Aug 2017 19:01:00 App_branch.py[line:51] INFO branch total:0
Thu, 24 Aug 2017 19:01:00 App_branch.py[line:70] INFO execute branch 0
Thu, 24 Aug 2017 19:01:00 Public_code.py[line:24] INFO connect is success!
Thu, 24 Aug 2017 19:01:00 App_black.py[line:58] INFO black total:0
Thu, 24 Aug 2017 19:01:00 App_black.py[line:84] INFO execute black :0
Thu, 24 Aug 2017 19:01:00 Public_code.py[line:24] INFO connect is success!
Thu, 24 Aug 2017 19:01:00 App_brand.py[line:81] INFO brand total:0
Thu, 24 Aug 2017 19:01:00 App_brand.py[line:117] INFO execute brand:0
Thu, 24 Aug 2017 19:01:00 Public_code.py[line:24] INFO connect is success!
Thu, 24 Aug 2017 19:01:00 App_change.py[line:50] INFO change total:0
Thu, 24 Aug 2017 19:01:00 App_change.py[line:83] INFO execute change:0
Thu, 24 Aug 2017 19:01:00 Public_code.py[line:24] INFO connect is success!
Thu, 24 Aug 2017 19:01:00 App_check.py[line:48] INFO check total:0
Thu, 24 Aug 2017 19:01:00 App_check.py[line:69] INFO execute check :0
Thu, 24 Aug 2017 19:01:15 Public_code.py[line:24] INFO connect is success!
Thu, 24 Aug 2017 19:01:16 App_basic.py[line:103] INFO update basic:1
Thu, 24 Aug 2017 19:01:16 Public_code.py[line:24] INFO connect is success!
Thu, 24 Aug 2017 19:01:16 App_branch.py[line:51] INFO branch total:0
Thu, 24 Aug 2017 19:01:16 App_branch.py[line:70] INFO execute branch 0
Thu, 24 Aug 2017 19:01:16 Public_code.py[line:24] INFO connect is success!
Thu, 24 Aug 2017 19:01:16 App_black.py[line:58] INFO black total:0
Thu, 24 Aug 2017 19:01:16 App_black.py[line:84] INFO execute black :0
Thu, 24 Aug 2017 19:01:16 Public_code.py[line:24] INFO connect is success!
Thu, 24 Aug 2017 19:01:16 App_brand.py[line:81] INFO brand total:0
Thu, 24 Aug 2017 19:01:16 App_brand.py[line:117] INFO execute brand:0
Thu, 24 Aug 2017 19:01:16 Public_code.py[line:24] INFO connect is success!
Thu, 24 Aug 2017 19:01:16 App_change.py[line:50] INFO change total:0
Thu, 24 Aug 2017 19:01:16 App_change.py[line:83] INFO execute change:0
Thu, 24 Aug 2017 19:01:16 Public_code.py[line:24] INFO connect is success!
Thu, 24 Aug 2017 19:01:16 App_check.py[line:48] INFO check total:0
Thu, 24 Aug 2017 19:01:16 App_check.py[line:69] INFO execute check :0
Thu, 24 Aug 2017 19:01:16 Public_code.py[line:24] INFO connect is success!
Thu, 24 Aug 2017 19:01:16 App_clear.py[line:34] INFO clear error:0
Thu, 24 Aug 2017 19:01:16 App_clear.py[line:57] INFO execute clear:0
Thu, 24 Aug 2017 19:01:37 Public_code.py[line:24] INFO connect is success!
Thu, 24 Aug 2017 19:01:37 App_basic.py[line:103] INFO update basic:1
Thu, 24 Aug 2017 19:01:37 Public_code.py[line:24] INFO connect is success!
Thu, 24 Aug 2017 19:01:37 App_branch.py[line:51] INFO branch total:0
Thu, 24 Aug 2017 19:01:37 App_branch.py[line:70] INFO execute branch 0
Thu, 24 Aug 2017 19:01:37 Public_code.py[line:24] INFO connect is success!
Thu, 24 Aug 2017 19:01:37 App_black.py[line:58] INFO black total:0
Thu, 24 Aug 2017 19:01:37 App_black.py[line:84] INFO execute black :0
Thu, 24 Aug 2017 19:01:37 Public_code.py[line:24] INFO connect is success!
Thu, 24 Aug 2017 19:01:37 App_brand.py[line:81] INFO brand total:0
Thu, 24 Aug 2017 19:01:37 App_brand.py[line:117] INFO execute brand:0
Thu, 24 Aug 2017 19:01:37 Public_code.py[line:24] INFO connect is success!
Thu, 24 Aug 2017 19:01:37 App_change.py[line:50] INFO change total:0
Thu, 24 Aug 2017 19:01:37 App_change.py[line:83] INFO execute change:0
Thu, 24 Aug 2017 19:01:37 Public_code.py[line:24] INFO connect is success!
Thu, 24 Aug 2017 19:01:37 App_check.py[line:48] INFO check total:0
Thu, 24 Aug 2017 19:01:37 App_check.py[line:69] INFO execute check :0
Thu, 24 Aug 2017 19:01:37 Public_code.py[line:24] INFO connect is success!
Thu, 24 Aug 2017 19:01:37 App_clear.py[line:34] INFO clear error:0
Thu, 24 Aug 2017 19:01:37 App_clear.py[line:57] INFO execute clear:0
Thu, 24 Aug 2017 19:01:37 Public_code.py[line:24] INFO connect is success!
Thu, 24 Aug 2017 19:01:37 App_except.py[line:58] INFO except total:0
Thu, 24 Aug 2017 19:01:37 App_except.py[line:83] INFO excute except :0
Thu, 24 Aug 2017 19:01:37 Public_code.py[line:24] INFO connect is success!
Thu, 24 Aug 2017 19:01:37 Public_code.py[line:24] INFO connect is success!
Thu, 24 Aug 2017 19:01:37 App_mort.py[line:106] INFO mort total:0
Thu, 24 Aug 2017 19:01:37 App_mort.py[line:151] INFO execute mort:0
Thu, 24 Aug 2017 19:01:37 Public_code.py[line:24] INFO connect is success!
Thu, 24 Aug 2017 19:01:37 App_permit.py[line:90] INFO permit total:0
Thu, 24 Aug 2017 19:01:37 App_permit.py[line:119] INFO execute permit:0
Thu, 24 Aug 2017 19:01:37 Public_code.py[line:24] INFO connect is success!
Thu, 24 Aug 2017 19:01:37 App_permit2.py[line:92] INFO  permit2 total: 0
Thu, 24 Aug 2017 19:01:37 App_permit2.py[line:122] INFO execute permit2:0
Thu, 24 Aug 2017 19:01:37 Public_code.py[line:24] INFO connect is success!
Thu, 24 Aug 2017 19:01:37 App_person.py[line:34] INFO person total:2
Thu, 24 Aug 2017 19:01:37 App_person.py[line:56] INFO execute person:0
Thu, 24 Aug 2017 19:01:37 Public_code.py[line:24] INFO connect is success!
Thu, 24 Aug 2017 19:01:37 App_punish.py[line:56] INFO punish total:0
Thu, 24 Aug 2017 19:01:37 App_punish.py[line:78] INFO execute punish:0
Thu, 24 Aug 2017 19:01:37 Public_code.py[line:24] INFO connect is success!
Thu, 24 Aug 2017 19:01:37 App_punish2.py[line:61] INFO punish2 total:0
Thu, 24 Aug 2017 19:01:37 App_punish2.py[line:83] INFO execute punish2:0 
Thu, 24 Aug 2017 19:01:38 Public_code.py[line:24] INFO connect is success!
Thu, 24 Aug 2017 19:01:38 App_shareholder.py[line:78] INFO share total:2
Thu, 24 Aug 2017 19:01:38 App_shareholder.py[line:98] INFO execute share:0
Thu, 24 Aug 2017 19:01:38 Public_code.py[line:24] INFO connect is success!
Thu, 24 Aug 2017 19:01:38 App_stock.py[line:76] INFO stock total:0
Thu, 24 Aug 2017 19:01:38 App_stock.py[line:108] INFO  execute stock:0
Thu, 24 Aug 2017 19:01:38 Public_code.py[line:24] INFO connect is success!
Thu, 24 Aug 2017 19:01:38 App_basic.py[line:103] INFO update basic:1
Thu, 24 Aug 2017 19:01:38 Public_code.py[line:24] INFO connect is success!
Thu, 24 Aug 2017 19:01:38 App_change.py[line:50] INFO change total:0
Thu, 24 Aug 2017 19:01:38 App_change.py[line:83] INFO execute change:0
Thu, 24 Aug 2017 19:01:38 Public_code.py[line:24] INFO connect is success!
Thu, 24 Aug 2017 19:01:38 App_person.py[line:34] INFO person total:2
Thu, 24 Aug 2017 19:01:38 App_person.py[line:56] INFO execute person:0
Thu, 24 Aug 2017 19:01:38 Public_code.py[line:24] INFO connect is success!
Thu, 24 Aug 2017 19:01:38 App_shareholder.py[line:78] INFO share total:2
Thu, 24 Aug 2017 19:01:38 App_shareholder.py[line:98] INFO execute share:0
