Mon, 18 Sep 2017 09:07:17 connectionpool.py[line:212] DEBUG Starting new HTTP connection (1): qyxy.baic.gov.cn
Mon, 18 Sep 2017 09:07:17 connectionpool.py[line:400] DEBUG http://qyxy.baic.gov.cn:80 "GET /wap/creditWapAction!view_credit_wap.dhtml?categ_info=014175&ent_id=0CD1263D6B18009EE053A0630264009E&chr_id=538CC2625F0E001CE053D4000005001C,&info_categ_name=%E8%AE%B8%E5%8F%AF%E8%B5%84%E8%B4%A8%E4%BF%A1%E6%81%AF%20%3E%3E%20%E5%B9%BF%E5%91%8A%E5%8F%91%E5%B8%83%E8%AE%B8%E5%8F%AF%E7%99%BB%E8%AE%B0%E4%BF%A1%E6%81%AF HTTP/1.1" 200 None
Mon, 18 Sep 2017 09:07:18 Public_code.py[line:145] INFO unknow error:argument of type 'NoneType' is not iterable
Mon, 18 Sep 2017 09:07:18 Public_code.py[line:30] INFO connect is success!
Mon, 18 Sep 2017 09:07:56 connectionpool.py[line:212] DEBUG Starting new HTTP connection (1): qyxy.baic.gov.cn
Mon, 18 Sep 2017 09:07:56 connectionpool.py[line:400] DEBUG http://qyxy.baic.gov.cn:80 "GET /wap/creditWapAction!view_credit_wap.dhtml?categ_info=014175&ent_id=0CD1263D6B18009EE053A0630264009E&chr_id=538CC2625F0E001CE053D4000005001C,&info_categ_name=%E8%AE%B8%E5%8F%AF%E8%B5%84%E8%B4%A8%E4%BF%A1%E6%81%AF%20%3E%3E%20%E5%B9%BF%E5%91%8A%E5%8F%91%E5%B8%83%E8%AE%B8%E5%8F%AF%E7%99%BB%E8%AE%B0%E4%BF%A1%E6%81%AF HTTP/1.1" 200 921
Mon, 18 Sep 2017 09:08:07 Public_code.py[line:30] INFO connect is success!
Mon, 18 Sep 2017 10:08:31 connectionpool.py[line:212] DEBUG Starting new HTTP connection (1): qyxy.baic.gov.cn
Mon, 18 Sep 2017 10:08:31 connectionpool.py[line:400] DEBUG http://qyxy.baic.gov.cn:80 "GET /wap/creditWapAction!view_credit_wap.dhtml?categ_info=014152&ent_id=0CD1263D6B18009EE053A0630264009E&chr_id=1811e35af4b84cf78a3283961f56ae4a,&info_categ_name=%E8%AE%B8%E5%8F%AF%E8%B5%84%E8%B4%A8%E4%BF%A1%E6%81%AF%20%3E%3E%20%E9%A4%90%E9%A5%AE%E6%9C%8D%E5%8A%A1%E8%AE%B8%E5%8F%AF HTTP/1.1" 200 None
Mon, 18 Sep 2017 10:08:32 Public_code.py[line:145] INFO unknow error:list index out of range
Mon, 18 Sep 2017 10:08:32 Public_code.py[line:30] INFO connect is success!
Mon, 18 Sep 2017 10:08:50 connectionpool.py[line:212] DEBUG Starting new HTTP connection (1): qyxy.baic.gov.cn
Mon, 18 Sep 2017 10:08:50 connectionpool.py[line:400] DEBUG http://qyxy.baic.gov.cn:80 "GET /wap/creditWapAction!view_credit_wap.dhtml?categ_info=014152&ent_id=0CD1263D6B18009EE053A0630264009E&chr_id=1811e35af4b84cf78a3283961f56ae4a,&info_categ_name=%E8%AE%B8%E5%8F%AF%E8%B5%84%E8%B4%A8%E4%BF%A1%E6%81%AF%20%3E%3E%20%E9%A4%90%E9%A5%AE%E6%9C%8D%E5%8A%A1%E8%AE%B8%E5%8F%AF HTTP/1.1" 200 None
Mon, 18 Sep 2017 10:11:30 connectionpool.py[line:212] DEBUG Starting new HTTP connection (1): qyxy.baic.gov.cn
Mon, 18 Sep 2017 10:11:30 connectionpool.py[line:400] DEBUG http://qyxy.baic.gov.cn:80 "GET /wap/creditWapAction!view_credit_wap.dhtml?categ_info=014152&ent_id=0CD1263D6B18009EE053A0630264009E&chr_id=1811e35af4b84cf78a3283961f56ae4a,&info_categ_name=%E8%AE%B8%E5%8F%AF%E8%B5%84%E8%B4%A8%E4%BF%A1%E6%81%AF%20%3E%3E%20%E9%A4%90%E9%A5%AE%E6%9C%8D%E5%8A%A1%E8%AE%B8%E5%8F%AF HTTP/1.1" 200 None
Mon, 18 Sep 2017 10:12:16 connectionpool.py[line:212] DEBUG Starting new HTTP connection (1): qyxy.baic.gov.cn
Mon, 18 Sep 2017 10:12:16 connectionpool.py[line:400] DEBUG http://qyxy.baic.gov.cn:80 "GET /wap/creditWapAction!view_credit_wap.dhtml?categ_info=014152&ent_id=0CD1263D6B18009EE053A0630264009E&chr_id=1811e35af4b84cf78a3283961f56ae4a,&info_categ_name=%E8%AE%B8%E5%8F%AF%E8%B5%84%E8%B4%A8%E4%BF%A1%E6%81%AF%20%3E%3E%20%E9%A4%90%E9%A5%AE%E6%9C%8D%E5%8A%A1%E8%AE%B8%E5%8F%AF HTTP/1.1" 200 None
Mon, 18 Sep 2017 10:12:16 BJ_permit.py[line:112] INFO permit total:1
Mon, 18 Sep 2017 10:12:16 Public_code.py[line:30] INFO connect is success!
Mon, 18 Sep 2017 10:12:16 BJ_permit.py[line:139] INFO execute permit:0
Mon, 18 Sep 2017 10:12:16 Public_code.py[line:30] INFO connect is success!
